2026-05-19 13:42:05.852 [info] Reading sessions from keychain...
2026-05-19 13:42:05.852 [info] Getting sessions for all scopes...
2026-05-19 13:42:06.160 [info] Got stored sessions!
2026-05-19 13:42:06.160 [info] Got 2 verified sessions.
2026-05-19 13:42:06.160 [info] Got 2 sessions for ...
2026-05-19 13:42:06.160 [info] Getting sessions for all scopes...
2026-05-19 13:42:06.160 [info] Got 2 sessions for ...
2026-05-19 13:42:06.161 [info] Getting sessions for all scopes...
2026-05-19 13:42:06.161 [info] Got 2 sessions for ...
2026-05-19 13:42:06.161 [info] Getting sessions for all scopes...
2026-05-19 13:42:06.161 [info] Got 2 sessions for ...
2026-05-19 13:42:06.541 [info] Getting sessions for all scopes...
2026-05-19 13:42:06.541 [info] Got 2 sessions for ...
2026-05-19 13:42:06.638 [info] Getting sessions for all scopes...
2026-05-19 13:42:06.638 [info] Got 2 sessions for ...
2026-05-19 13:42:07.018 [info] Getting sessions for all scopes...
2026-05-19 13:42:07.018 [info] Got 2 sessions for ...
2026-05-19 13:42:08.349 [info] FetcherService: Node fetch failed with status: 429 Too Many Requests
2026-05-19 13:42:08.353 [info] Unable to resolve optional EDU details. Status: 429 Too Many Requests
2026-05-19 13:42:22.931 [info] Getting sessions for all scopes...
2026-05-19 13:42:22.931 [info] Got 2 sessions for ...
2026-05-19 13:42:22.936 [info] Getting sessions for all scopes...
2026-05-19 13:42:22.936 [info] Got 2 sessions for ...
2026-05-19 13:42:41.763 [info] Getting sessions for all scopes...
2026-05-19 13:42:41.764 [info] Got 2 sessions for ...
2026-05-19 13:42:44.428 [info] Getting sessions for all scopes...
2026-05-19 13:42:44.428 [info] Got 2 sessions for ...
2026-05-19 13:42:58.431 [info] Getting sessions for all scopes...
2026-05-19 13:42:58.431 [info] Got 2 sessions for ...
2026-05-19 13:42:58.437 [info] Getting sessions for all scopes...
2026-05-19 13:42:58.437 [info] Got 2 sessions for ...
2026-05-19 13:43:08.909 [info] Reading sessions from keychain...
2026-05-19 13:43:08.909 [info] Getting sessions for all scopes...
2026-05-19 13:43:08.927 [info] Got stored sessions!
2026-05-19 13:43:08.927 [info] Got 2 verified sessions.
2026-05-19 13:43:08.927 [info] Got 2 sessions for ...
2026-05-19 13:43:08.940 [info] Getting sessions for all scopes...
2026-05-19 13:43:08.940 [info] Got 2 sessions for ...
2026-05-19 13:43:08.941 [info] Getting sessions for all scopes...
2026-05-19 13:43:08.941 [info] Got 2 sessions for ...
2026-05-19 13:43:08.941 [info] Getting sessions for all scopes...
2026-05-19 13:43:08.941 [info] Got 2 sessions for ...
2026-05-19 13:43:08.988 [info] Getting sessions for all scopes...
2026-05-19 13:43:08.988 [info] Got 2 sessions for ...
2026-05-19 13:43:08.999 [info] Getting sessions for all scopes...
2026-05-19 13:43:09.005 [info] Got 2 sessions for ...
2026-05-19 13:43:10.143 [info] Getting sessions for all scopes...
2026-05-19 13:43:10.143 [info] Got 2 sessions for ...
2026-05-19 13:43:10.197 [info] Getting sessions for all scopes...
2026-05-19 13:43:10.197 [info] Got 2 sessions for ...
2026-05-19 13:43:12.280 [info] FetcherService: Node fetch failed with status: 429 Too Many Requests
2026-05-19 13:43:12.287 [info] Unable to resolve optional EDU details. Status: 429 Too Many Requests
2026-05-19 13:43:12.449 [info] Getting sessions for all scopes...
2026-05-19 13:43:12.449 [info] Got 2 sessions for ...
2026-05-19 13:43:12.516 [info] Getting sessions for all scopes...
2026-05-19 13:43:12.516 [info] Got 2 sessions for ...
2026-05-19 13:43:12.627 [info] Getting sessions for read:user,repo,user:email,workflow...
2026-05-19 13:43:12.628 [info] Got 1 sessions for read:user,repo,user:email,workflow...
2026-05-19 13:43:13.136 [info] Getting sessions for all scopes...
2026-05-19 13:43:13.137 [info] Got 2 sessions for ...
2026-05-19 13:43:27.764 [info] Reading sessions from keychain...
2026-05-19 13:43:27.764 [info] Getting sessions for all scopes...
2026-05-19 13:43:27.764 [info] Got stored sessions!
2026-05-19 13:43:27.764 [info] Got 2 verified sessions.
2026-05-19 13:43:27.764 [info] Got 2 sessions for ...
2026-05-19 13:43:27.764 [info] Getting sessions for all scopes...
2026-05-19 13:43:27.764 [info] Got 2 sessions for ...
2026-05-19 13:43:27.764 [info] Getting sessions for all scopes...
2026-05-19 13:43:27.764 [info] Got 2 sessions for ...
2026-05-19 13:43:27.764 [info] Getting sessions for all scopes...
2026-05-19 13:43:27.764 [info] Got 2 sessions for ...
2026-05-19 13:43:27.764 [info] Getting sessions for all scopes...
2026-05-19 13:43:27.764 [info] Got 2 sessions for ...
2026-05-19 13:43:29.052 [info] Getting sessions for all scopes...
2026-05-19 13:43:29.052 [info] Got 2 sessions for ...
2026-05-19 13:43:29.200 [info] Getting sessions for all scopes...
2026-05-19 13:43:29.200 [info] Got 2 sessions for ...
2026-05-19 13:43:29.211 [info] Getting sessions for all scopes...
2026-05-19 13:43:29.211 [info] Got 2 sessions for ...
2026-05-19 13:43:29.556 [info] FetcherService: Node fetch failed with status: 429 Too Many Requests
2026-05-19 13:43:29.568 [info] Unable to resolve optional EDU details. Status: 429 Too Many Requests
2026-05-19 13:43:30.921 [info] Getting sessions for all scopes...
2026-05-19 13:43:30.921 [info] Got 2 sessions for ...
2026-05-19 13:43:35.693 [info] Getting sessions for all scopes...
2026-05-19 13:43:35.693 [info] Got 2 sessions for ...
2026-05-19 13:44:59.446 [info] Getting sessions for all scopes...
2026-05-19 13:44:59.447 [info] Got 2 sessions for ...
2026-05-19 13:45:00.193 [info] Getting sessions for all scopes...
2026-05-19 13:45:00.193 [info] Got 2 sessions for ...
2026-05-19 13:52:36.633 [info] Getting sessions for all scopes...
2026-05-19 13:52:36.633 [info] Got 2 sessions for ...
2026-05-19 13:52:36.635 [info] Getting sessions for all scopes...
2026-05-19 13:52:36.635 [info] Got 2 sessions for ...
2026-05-19 13:52:46.962 [info] Getting sessions for all scopes...
2026-05-19 13:52:46.962 [info] Got 2 sessions for ...
2026-05-19 13:52:46.965 [info] Getting sessions for all scopes...
2026-05-19 13:52:46.965 [info] Got 2 sessions for ...
2026-05-19 13:54:47.864 [info] Getting sessions for all scopes...
2026-05-19 13:54:47.864 [info] Got 2 sessions for ...
2026-05-19 13:54:47.867 [info] Getting sessions for all scopes...
2026-05-19 13:54:47.867 [info] Got 2 sessions for ...
2026-05-19 13:54:53.179 [info] Getting sessions for all scopes...
2026-05-19 13:54:53.179 [info] Got 2 sessions for ...
2026-05-19 13:54:53.180 [info] Getting sessions for all scopes...
2026-05-19 13:54:53.182 [info] Got 2 sessions for ...
2026-05-19 13:56:37.667 [info] Getting sessions for all scopes...
2026-05-19 13:56:37.667 [info] Got 2 sessions for ...
2026-05-19 13:56:37.669 [info] Getting sessions for all scopes...
2026-05-19 13:56:37.669 [info] Got 2 sessions for ...
2026-05-19 14:04:52.737 [info] Getting sessions for all scopes...
2026-05-19 14:04:52.737 [info] Got 2 sessions for ...
2026-05-19 14:04:52.772 [info] Getting sessions for all scopes...
2026-05-19 14:04:52.772 [info] Got 2 sessions for ...
2026-05-19 14:12:58.508 [info] Getting sessions for all scopes...
2026-05-19 14:12:58.508 [info] Got 2 sessions for ...
2026-05-19 14:12:58.508 [info] Getting sessions for all scopes...
2026-05-19 14:12:58.508 [info] Got 2 sessions for ...
