2026-05-19 19:59:24.286 [info] Reading sessions from keychain...
2026-05-19 19:59:24.286 [info] Getting sessions for all scopes...
2026-05-19 19:59:25.129 [info] Got stored sessions!
2026-05-19 19:59:25.129 [info] Got 2 verified sessions.
2026-05-19 19:59:25.129 [info] Got 2 sessions for ...
2026-05-19 19:59:25.129 [info] Getting sessions for all scopes...
2026-05-19 19:59:25.129 [info] Got 2 sessions for ...
2026-05-19 19:59:25.129 [info] Getting sessions for all scopes...
2026-05-19 19:59:25.129 [info] Got 2 sessions for ...
2026-05-19 19:59:25.129 [info] Getting sessions for all scopes...
2026-05-19 19:59:25.129 [info] Got 2 sessions for ...
2026-05-19 19:59:25.129 [info] Getting sessions for all scopes...
2026-05-19 19:59:25.129 [info] Got 2 sessions for ...
2026-05-19 19:59:25.166 [info] Getting sessions for all scopes...
2026-05-19 19:59:25.166 [info] Got 2 sessions for ...
2026-05-19 19:59:25.367 [info] Getting sessions for all scopes...
2026-05-19 19:59:25.367 [info] Got 2 sessions for ...
2026-05-19 19:59:26.853 [info] Getting sessions for all scopes...
2026-05-19 19:59:26.853 [info] Got 2 sessions for ...
2026-05-19 19:59:27.483 [info] Getting sessions for all scopes...
2026-05-19 19:59:27.483 [info] Got 2 sessions for ...
2026-05-19 19:59:27.868 [info] Getting sessions for all scopes...
2026-05-19 19:59:27.868 [info] Got 2 sessions for ...
2026-05-19 19:59:37.676 [info] FetcherService: Node fetch failed with error: fetch failed
2026-05-19 19:59:48.149 [info] Reading sessions from keychain...
2026-05-19 19:59:48.149 [info] Got stored sessions!
2026-05-19 19:59:48.149 [info] Got 2 verified sessions.
2026-05-19 19:59:48.149 [info] Getting sessions for all scopes...
2026-05-19 19:59:48.149 [info] Got 2 sessions for ...
2026-05-19 19:59:48.149 [info] Getting sessions for all scopes...
2026-05-19 19:59:48.149 [info] Got 2 sessions for ...
2026-05-19 19:59:48.149 [info] Getting sessions for all scopes...
2026-05-19 19:59:48.149 [info] Got 2 sessions for ...
2026-05-19 19:59:48.149 [info] Getting sessions for all scopes...
2026-05-19 19:59:48.149 [info] Got 2 sessions for ...
2026-05-19 19:59:48.209 [info] Getting sessions for all scopes...
2026-05-19 19:59:48.210 [info] Got 2 sessions for ...
2026-05-19 19:59:48.659 [info] Getting sessions for all scopes...
2026-05-19 19:59:48.659 [info] Got 2 sessions for ...
2026-05-19 19:59:48.675 [info] Getting sessions for all scopes...
2026-05-19 19:59:48.675 [info] Got 2 sessions for ...
2026-05-19 19:59:49.885 [info] Getting sessions for read:user,repo,user:email,workflow...
2026-05-19 19:59:49.885 [info] Got 1 sessions for read:user,repo,user:email,workflow...
2026-05-19 19:59:59.638 [info] FetcherService: Node fetch failed with error: fetch failed
2026-05-19 20:00:14.988 [info] FetcherService: Node http/s failed with error: getaddrinfo EAI_AGAIN education.github.com
2026-05-19 20:00:15.000 [info] Unable to resolve optional EDU details. Error: TypeError: fetch failed
2026-05-19 20:01:37.767 [info] Getting sessions for all scopes...
2026-05-19 20:01:37.767 [info] Got 2 sessions for ...
2026-05-19 20:08:11.151 [info] Getting sessions for all scopes...
2026-05-19 20:08:11.151 [info] Got 2 sessions for ...
2026-05-19 20:08:11.155 [info] Getting sessions for all scopes...
2026-05-19 20:08:11.155 [info] Got 2 sessions for ...
2026-05-19 20:10:14.196 [info] Getting sessions for all scopes...
2026-05-19 20:10:14.196 [info] Got 2 sessions for ...
2026-05-19 20:10:19.649 [info] Getting sessions for all scopes...
2026-05-19 20:10:19.649 [info] Got 2 sessions for ...
2026-05-19 20:10:19.651 [info] Getting sessions for all scopes...
2026-05-19 20:10:19.651 [info] Got 2 sessions for ...
