2026-05-20 01:27:47.483 [info] Extension host with pid 21080 started
2026-05-20 01:27:47.483 [info] Skipping acquiring lock for /home/diorges/.config/Code/User/workspaceStorage/7038e336de04331af688769153a1fe1c.
2026-05-20 01:27:48.094 [info] ExtensionService#_doActivateExtension vscode.github-authentication, startup: false, activationEvent: 'onAuthenticationRequest:github'
2026-05-20 01:27:48.164 [info] ExtensionService#_doActivateExtension vscode.emmet, startup: false, activationEvent: 'onLanguage'
2026-05-20 01:27:48.191 [info] ExtensionService#_doActivateExtension vscode.extension-editing, startup: false, activationEvent: 'onLanguage:markdown'
2026-05-20 01:27:48.280 [info] ExtensionService#_doActivateExtension vscode.markdown-language-features, startup: false, activationEvent: 'onLanguage:markdown'
2026-05-20 01:27:48.608 [info] ExtensionService#_doActivateExtension yzhang.markdown-all-in-one, startup: false, activationEvent: 'onLanguage:markdown'
2026-05-20 01:27:50.139 [info] ExtensionService#_doActivateExtension vscode.markdown-math, startup: false, activationEvent: 'api', root cause: yzhang.markdown-all-in-one
2026-05-20 01:27:50.331 [info] ExtensionService#_doActivateExtension vscode.git-base, startup: true, activationEvent: '*', root cause: vscode.git
2026-05-20 01:27:51.431 [info] ExtensionService#_doActivateExtension vscode.git, startup: true, activationEvent: '*'
2026-05-20 01:27:51.551 [info] ExtensionService#_doActivateExtension vscode.github, startup: true, activationEvent: '*'
2026-05-20 01:27:52.111 [info] Eager extensions activated
2026-05-20 01:27:52.444 [info] ExtensionService#_doActivateExtension vscode.debug-auto-launch, startup: false, activationEvent: 'onStartupFinished'
2026-05-20 01:27:52.448 [info] ExtensionService#_doActivateExtension vscode.merge-conflict, startup: false, activationEvent: 'onStartupFinished'
2026-05-20 01:27:52.497 [info] ExtensionService#_doActivateExtension dbaeumer.vscode-eslint, startup: false, activationEvent: 'onStartupFinished'
2026-05-20 01:27:52.667 [info] ExtensionService#_doActivateExtension esbenp.prettier-vscode, startup: false, activationEvent: 'onStartupFinished'
2026-05-20 01:27:52.672 [info] ExtensionService#_doActivateExtension PKief.material-icon-theme, startup: false, activationEvent: 'onStartupFinished'
2026-05-20 01:27:54.230 [warning] DiagnosticCollection with name 'eslint' does already exist.
2026-05-20 01:58:03.583 [info] Extension host terminating: received terminate message from renderer
2026-05-20 01:58:03.890 [info] Extension host with pid 21080 exiting with code 0
