2026-05-20 15:26:53.231 [info] Reading sessions from keychain...
2026-05-20 15:26:53.231 [info] Getting sessions for all scopes...
2026-05-20 15:26:53.982 [info] Got stored sessions!
2026-05-20 15:26:53.982 [info] Got 2 verified sessions.
2026-05-20 15:26:53.982 [info] Got 2 sessions for ...
2026-05-20 15:26:53.982 [info] Getting sessions for all scopes...
2026-05-20 15:26:53.982 [info] Got 2 sessions for ...
2026-05-20 15:26:53.982 [info] Getting sessions for all scopes...
2026-05-20 15:26:53.982 [info] Got 2 sessions for ...
2026-05-20 15:26:53.983 [info] Getting sessions for all scopes...
2026-05-20 15:26:53.983 [info] Got 2 sessions for ...
2026-05-20 15:26:54.208 [info] Getting sessions for all scopes...
2026-05-20 15:26:54.208 [info] Got 2 sessions for ...
2026-05-20 15:26:54.369 [info] Getting sessions for all scopes...
2026-05-20 15:26:54.369 [info] Got 2 sessions for ...
2026-05-20 15:26:56.107 [info] Getting sessions for all scopes...
2026-05-20 15:26:56.107 [info] Got 2 sessions for ...
2026-05-20 15:26:57.190 [info] FetcherService: Node fetch failed with status: 429 Too Many Requests
2026-05-20 15:26:57.216 [info] Unable to resolve optional EDU details. Status: 429 Too Many Requests
2026-05-20 15:26:58.406 [info] Getting sessions for read:user,repo,user:email,workflow...
2026-05-20 15:26:58.406 [info] Got 1 sessions for read:user,repo,user:email,workflow...
2026-05-20 15:26:58.808 [info] Getting sessions for all scopes...
2026-05-20 15:26:58.808 [info] Got 2 sessions for ...
2026-05-20 15:26:58.996 [info] Getting sessions for all scopes...
2026-05-20 15:26:58.996 [info] Got 2 sessions for ...
2026-05-20 15:26:59.586 [info] Getting sessions for all scopes...
2026-05-20 15:26:59.586 [info] Got 2 sessions for ...
2026-05-20 15:27:43.347 [info] Getting sessions for all scopes...
2026-05-20 15:27:43.348 [info] Got 2 sessions for ...
2026-05-20 15:27:43.352 [info] Getting sessions for all scopes...
2026-05-20 15:27:43.352 [info] Got 2 sessions for ...
2026-05-20 15:28:18.442 [info] Reading sessions from keychain...
2026-05-20 15:28:18.442 [info] Getting sessions for all scopes...
2026-05-20 15:28:18.442 [info] Got stored sessions!
2026-05-20 15:28:18.442 [info] Got 2 verified sessions.
2026-05-20 15:28:18.442 [info] Got 2 sessions for ...
2026-05-20 15:28:18.442 [info] Getting sessions for all scopes...
2026-05-20 15:28:18.442 [info] Got 2 sessions for ...
2026-05-20 15:28:18.442 [info] Getting sessions for all scopes...
2026-05-20 15:28:18.442 [info] Got 2 sessions for ...
2026-05-20 15:28:18.457 [info] Getting sessions for all scopes...
2026-05-20 15:28:18.463 [info] Got 2 sessions for ...
2026-05-20 15:28:19.643 [info] Getting sessions for all scopes...
2026-05-20 15:28:19.644 [info] Got 2 sessions for ...
2026-05-20 15:28:20.952 [info] FetcherService: Node fetch failed with status: 429 Too Many Requests
2026-05-20 15:28:20.958 [info] Unable to resolve optional EDU details. Status: 429 Too Many Requests
2026-05-20 15:28:21.177 [info] Getting sessions for all scopes...
2026-05-20 15:28:21.177 [info] Got 2 sessions for ...
2026-05-20 15:28:21.591 [info] Getting sessions for all scopes...
2026-05-20 15:28:21.591 [info] Got 2 sessions for ...
2026-05-20 15:28:21.799 [info] Getting sessions for all scopes...
2026-05-20 15:28:21.799 [info] Got 2 sessions for ...
2026-05-20 15:28:21.922 [info] Getting sessions for all scopes...
2026-05-20 15:28:21.922 [info] Got 2 sessions for ...
2026-05-20 15:28:31.925 [info] Getting sessions for all scopes...
2026-05-20 15:28:31.925 [info] Got 2 sessions for ...
2026-05-20 15:28:31.929 [info] Getting sessions for all scopes...
2026-05-20 15:28:31.929 [info] Got 2 sessions for ...
2026-05-20 15:28:36.431 [info] Getting sessions for all scopes...
2026-05-20 15:28:36.431 [info] Got 2 sessions for ...
2026-05-20 15:28:37.830 [info] Getting sessions for all scopes...
2026-05-20 15:28:37.830 [info] Got 2 sessions for ...
2026-05-20 15:31:34.420 [info] Getting sessions for all scopes...
2026-05-20 15:31:34.420 [info] Got 2 sessions for ...
2026-05-20 15:31:34.423 [info] Getting sessions for all scopes...
2026-05-20 15:31:34.423 [info] Got 2 sessions for ...
2026-05-20 15:31:44.173 [info] Getting sessions for all scopes...
2026-05-20 15:31:44.173 [info] Got 2 sessions for ...
2026-05-20 15:31:45.315 [info] Getting sessions for all scopes...
2026-05-20 15:31:45.315 [info] Got 2 sessions for ...
2026-05-20 15:33:28.432 [info] Getting sessions for all scopes...
2026-05-20 15:33:28.432 [info] Got 2 sessions for ...
2026-05-20 15:34:06.121 [info] Getting sessions for all scopes...
2026-05-20 15:34:06.121 [info] Got 2 sessions for ...
2026-05-20 15:34:08.394 [info] Getting sessions for all scopes...
2026-05-20 15:34:08.394 [info] Got 2 sessions for ...
2026-05-20 15:34:11.338 [info] Getting sessions for all scopes...
2026-05-20 15:34:11.338 [info] Got 2 sessions for ...
2026-05-20 15:34:13.968 [info] Getting sessions for all scopes...
2026-05-20 15:34:13.968 [info] Got 2 sessions for ...
2026-05-20 15:44:25.781 [info] Getting sessions for all scopes...
2026-05-20 15:44:25.781 [info] Got 2 sessions for ...
2026-05-20 15:44:25.923 [info] Getting sessions for all scopes...
2026-05-20 15:44:25.923 [info] Got 2 sessions for ...
