["INFO" - 01:27:53] Extension Name: esbenp.prettier-vscode.
["INFO" - 01:27:53] Extension Version: 12.4.0.
["INFO" - 01:27:54] EditorConfig support is enabled, checking for .editorconfig files
["INFO" - 01:27:54] No local configuration (i.e. .prettierrc or .editorconfig) detected, will fall back to VS Code configuration
["INFO" - 01:28:36] Formatting file:///home/diorges/Work/DenLion09.dots/os_config.md
["INFO" - 01:28:36] EditorConfig support is enabled, checking for .editorconfig files
["INFO" - 01:28:36] No local configuration (i.e. .prettierrc or .editorconfig) detected, will fall back to VS Code configuration
["INFO" - 01:28:36] PrettierInstance:
{
  "__debug": {
    "mockable": {
      "mocked": {},
      "implementations": {}
    }
  },
  "__internal": {
    "errors": {},
    "optionCategories": {
      "CATEGORY_CONFIG": "Config",
      "CATEGORY_EDITOR": "Editor",
      "CATEGORY_FORMAT": "Format",
      "CATEGORY_GLOBAL": "Global",
      "CATEGORY_OTHER": "Other",
      "CATEGORY_OUTPUT": "Output",
      "CATEGORY_SPECIAL": "Special"
    },
    "formatOptionsHiddenDefaults": {
      "astFormat": "estree",
      "printer": {},
      "locStart": null,
      "locEnd": null,
      "getVisitorKeys": null
    },
    "vnopts": {
      "apiDescriptor": {}
    },
    "picocolors": {
      "isColorSupported": false
    },
    "utilities": {}
  },
  "doc": {
    "builders": {
      "line": {
        "type": "line"
      },
      "softline": {
        "type": "line",
        "soft": true
      },
      "hardline": [
        {
          "type": "line",
          "hard": true
        },
        {
          "type": "break-parent"
        }
      ],
      "literalline": [
        {
          "type": "line",
          "hard": true,
          "literal": true
        },
        {
          "type": "break-parent"
        }
      ],
      "lineSuffixBoundary": {
        "type": "line-suffix-boundary"
      },
      "cursor": {
        "type": "cursor"
      },
      "breakParent": {
        "type": "break-parent"
      },
      "trim": {
        "type": "trim"
      },
      "hardlineWithoutBreakParent": {
        "type": "line",
        "hard": true
      },
      "literallineWithoutBreakParent": {
        "type": "line",
        "hard": true,
        "literal": true
      }
    },
    "default": {
      "builders": {
        "line": {
          "type": "line"
        },
        "softline": {
          "type": "line",
          "soft": true
        },
        "hardline": [
          {
            "type": "line",
            "hard": true
          },
          {
            "type": "break-parent"
          }
        ],
        "literalline": [
          {
            "type": "line",
            "hard": true,
            "literal": true
          },
          {
            "type": "break-parent"
          }
        ],
        "lineSuffixBoundary": {
          "type": "line-suffix-boundary"
        },
        "cursor": {
          "type": "cursor"
        },
        "breakParent": {
          "type": "break-parent"
        },
        "trim": {
          "type": "trim"
        },
        "hardlineWithoutBreakParent": {
          "type": "line",
          "hard": true
        },
        "literallineWithoutBreakParent": {
          "type": "line",
          "hard": true,
          "literal": true
        }
      },
      "printer": {},
      "utils": {}
    },
    "printer": {},
    "utils": {}
  },
  "util": {},
  "version": "3.7.4"
}
["WARN" - 01:28:36] Unable to resolve ignore path: .prettierignore for /home/diorges/Work/DenLion09.dots/os_config.md
["INFO" - 01:28:36] Resolved plugins:
[]
["INFO" - 01:28:36] File Info:
{
  "ignored": false,
  "inferredParser": "markdown"
}
["INFO" - 01:28:36] Using VS Code configuration
["INFO" - 01:28:36] Prettier Options:
{
  "arrowParens": "always",
  "bracketSpacing": true,
  "endOfLine": "lf",
  "htmlWhitespaceSensitivity": "css",
  "insertPragma": false,
  "singleAttributePerLine": false,
  "bracketSameLine": false,
  "jsxBracketSameLine": false,
  "jsxSingleQuote": false,
  "printWidth": 80,
  "proseWrap": "preserve",
  "quoteProps": "as-needed",
  "requirePragma": false,
  "semi": true,
  "singleQuote": false,
  "tabWidth": 2,
  "trailingComma": "all",
  "useTabs": false,
  "embeddedLanguageFormatting": "auto",
  "vueIndentScriptAndStyle": false,
  "experimentalTernaries": false,
  "objectWrap": "preserve",
  "experimentalOperatorPosition": "end",
  "filepath": "/home/diorges/Work/DenLion09.dots/os_config.md",
  "parser": "markdown"
}
["INFO" - 01:28:37] Formatting completed in 265ms.
["INFO" - 01:29:01] Formatting file:///home/diorges/Work/DenLion09.dots/os_config.md
["INFO" - 01:29:01] EditorConfig support is enabled, checking for .editorconfig files
["INFO" - 01:29:01] No local configuration (i.e. .prettierrc or .editorconfig) detected, will fall back to VS Code configuration
["INFO" - 01:29:01] PrettierInstance:
{
  "__debug": {
    "mockable": {
      "mocked": {},
      "implementations": {}
    }
  },
  "__internal": {
    "errors": {},
    "optionCategories": {
      "CATEGORY_CONFIG": "Config",
      "CATEGORY_EDITOR": "Editor",
      "CATEGORY_FORMAT": "Format",
      "CATEGORY_GLOBAL": "Global",
      "CATEGORY_OTHER": "Other",
      "CATEGORY_OUTPUT": "Output",
      "CATEGORY_SPECIAL": "Special"
    },
    "formatOptionsHiddenDefaults": {
      "astFormat": "estree",
      "printer": {},
      "locStart": null,
      "locEnd": null,
      "getVisitorKeys": null
    },
    "vnopts": {
      "apiDescriptor": {}
    },
    "picocolors": {
      "isColorSupported": false
    },
    "utilities": {}
  },
  "doc": {
    "builders": {
      "line": {
        "type": "line"
      },
      "softline": {
        "type": "line",
        "soft": true
      },
      "hardline": [
        {
          "type": "line",
          "hard": true
        },
        {
          "type": "break-parent"
        }
      ],
      "literalline": [
        {
          "type": "line",
          "hard": true,
          "literal": true
        },
        {
          "type": "break-parent"
        }
      ],
      "lineSuffixBoundary": {
        "type": "line-suffix-boundary"
      },
      "cursor": {
        "type": "cursor"
      },
      "breakParent": {
        "type": "break-parent"
      },
      "trim": {
        "type": "trim"
      },
      "hardlineWithoutBreakParent": {
        "type": "line",
        "hard": true
      },
      "literallineWithoutBreakParent": {
        "type": "line",
        "hard": true,
        "literal": true
      }
    },
    "default": {
      "builders": {
        "line": {
          "type": "line"
        },
        "softline": {
          "type": "line",
          "soft": true
        },
        "hardline": [
          {
            "type": "line",
            "hard": true
          },
          {
            "type": "break-parent"
          }
        ],
        "literalline": [
          {
            "type": "line",
            "hard": true,
            "literal": true
          },
          {
            "type": "break-parent"
          }
        ],
        "lineSuffixBoundary": {
          "type": "line-suffix-boundary"
        },
        "cursor": {
          "type": "cursor"
        },
        "breakParent": {
          "type": "break-parent"
        },
        "trim": {
          "type": "trim"
        },
        "hardlineWithoutBreakParent": {
          "type": "line",
          "hard": true
        },
        "literallineWithoutBreakParent": {
          "type": "line",
          "hard": true,
          "literal": true
        }
      },
      "printer": {},
      "utils": {}
    },
    "printer": {},
    "utils": {}
  },
  "util": {},
  "version": "3.7.4"
}
["WARN" - 01:29:01] Unable to resolve ignore path: .prettierignore for /home/diorges/Work/DenLion09.dots/os_config.md
["INFO" - 01:29:01] Resolved plugins:
[]
["INFO" - 01:29:01] File Info:
{
  "ignored": false,
  "inferredParser": "markdown"
}
["INFO" - 01:29:01] Using VS Code configuration
["INFO" - 01:29:01] Prettier Options:
{
  "arrowParens": "always",
  "bracketSpacing": true,
  "endOfLine": "lf",
  "htmlWhitespaceSensitivity": "css",
  "insertPragma": false,
  "singleAttributePerLine": false,
  "bracketSameLine": false,
  "jsxBracketSameLine": false,
  "jsxSingleQuote": false,
  "printWidth": 80,
  "proseWrap": "preserve",
  "quoteProps": "as-needed",
  "requirePragma": false,
  "semi": true,
  "singleQuote": false,
  "tabWidth": 2,
  "trailingComma": "all",
  "useTabs": false,
  "embeddedLanguageFormatting": "auto",
  "vueIndentScriptAndStyle": false,
  "experimentalTernaries": false,
  "objectWrap": "preserve",
  "experimentalOperatorPosition": "end",
  "filepath": "/home/diorges/Work/DenLion09.dots/os_config.md",
  "parser": "markdown"
}
["INFO" - 01:29:01] Formatting completed in 153ms.
["INFO" - 01:29:24] Formatting file:///home/diorges/Work/DenLion09.dots/os_config.md
["INFO" - 01:29:24] EditorConfig support is enabled, checking for .editorconfig files
["INFO" - 01:29:24] No local configuration (i.e. .prettierrc or .editorconfig) detected, will fall back to VS Code configuration
["INFO" - 01:29:24] PrettierInstance:
{
  "__debug": {
    "mockable": {
      "mocked": {},
      "implementations": {}
    }
  },
  "__internal": {
    "errors": {},
    "optionCategories": {
      "CATEGORY_CONFIG": "Config",
      "CATEGORY_EDITOR": "Editor",
      "CATEGORY_FORMAT": "Format",
      "CATEGORY_GLOBAL": "Global",
      "CATEGORY_OTHER": "Other",
      "CATEGORY_OUTPUT": "Output",
      "CATEGORY_SPECIAL": "Special"
    },
    "formatOptionsHiddenDefaults": {
      "astFormat": "estree",
      "printer": {},
      "locStart": null,
      "locEnd": null,
      "getVisitorKeys": null
    },
    "vnopts": {
      "apiDescriptor": {}
    },
    "picocolors": {
      "isColorSupported": false
    },
    "utilities": {}
  },
  "doc": {
    "builders": {
      "line": {
        "type": "line"
      },
      "softline": {
        "type": "line",
        "soft": true
      },
      "hardline": [
        {
          "type": "line",
          "hard": true
        },
        {
          "type": "break-parent"
        }
      ],
      "literalline": [
        {
          "type": "line",
          "hard": true,
          "literal": true
        },
        {
          "type": "break-parent"
        }
      ],
      "lineSuffixBoundary": {
        "type": "line-suffix-boundary"
      },
      "cursor": {
        "type": "cursor"
      },
      "breakParent": {
        "type": "break-parent"
      },
      "trim": {
        "type": "trim"
      },
      "hardlineWithoutBreakParent": {
        "type": "line",
        "hard": true
      },
      "literallineWithoutBreakParent": {
        "type": "line",
        "hard": true,
        "literal": true
      }
    },
    "default": {
      "builders": {
        "line": {
          "type": "line"
        },
        "softline": {
          "type": "line",
          "soft": true
        },
        "hardline": [
          {
            "type": "line",
            "hard": true
          },
          {
            "type": "break-parent"
          }
        ],
        "literalline": [
          {
            "type": "line",
            "hard": true,
            "literal": true
          },
          {
            "type": "break-parent"
          }
        ],
        "lineSuffixBoundary": {
          "type": "line-suffix-boundary"
        },
        "cursor": {
          "type": "cursor"
        },
        "breakParent": {
          "type": "break-parent"
        },
        "trim": {
          "type": "trim"
        },
        "hardlineWithoutBreakParent": {
          "type": "line",
          "hard": true
        },
        "literallineWithoutBreakParent": {
          "type": "line",
          "hard": true,
          "literal": true
        }
      },
      "printer": {},
      "utils": {}
    },
    "printer": {},
    "utils": {}
  },
  "util": {},
  "version": "3.7.4"
}
["WARN" - 01:29:24] Unable to resolve ignore path: .prettierignore for /home/diorges/Work/DenLion09.dots/os_config.md
["INFO" - 01:29:24] Resolved plugins:
[]
["INFO" - 01:29:24] File Info:
{
  "ignored": false,
  "inferredParser": "markdown"
}
["INFO" - 01:29:24] Using VS Code configuration
["INFO" - 01:29:24] Prettier Options:
{
  "arrowParens": "always",
  "bracketSpacing": true,
  "endOfLine": "lf",
  "htmlWhitespaceSensitivity": "css",
  "insertPragma": false,
  "singleAttributePerLine": false,
  "bracketSameLine": false,
  "jsxBracketSameLine": false,
  "jsxSingleQuote": false,
  "printWidth": 80,
  "proseWrap": "preserve",
  "quoteProps": "as-needed",
  "requirePragma": false,
  "semi": true,
  "singleQuote": false,
  "tabWidth": 2,
  "trailingComma": "all",
  "useTabs": false,
  "embeddedLanguageFormatting": "auto",
  "vueIndentScriptAndStyle": false,
  "experimentalTernaries": false,
  "objectWrap": "preserve",
  "experimentalOperatorPosition": "end",
  "filepath": "/home/diorges/Work/DenLion09.dots/os_config.md",
  "parser": "markdown"
}
["INFO" - 01:29:24] Formatting completed in 195ms.
["INFO" - 01:29:42] Formatting file:///home/diorges/Work/DenLion09.dots/os_config.md
["INFO" - 01:29:42] EditorConfig support is enabled, checking for .editorconfig files
["INFO" - 01:29:42] No local configuration (i.e. .prettierrc or .editorconfig) detected, will fall back to VS Code configuration
["INFO" - 01:29:42] PrettierInstance:
{
  "__debug": {
    "mockable": {
      "mocked": {},
      "implementations": {}
    }
  },
  "__internal": {
    "errors": {},
    "optionCategories": {
      "CATEGORY_CONFIG": "Config",
      "CATEGORY_EDITOR": "Editor",
      "CATEGORY_FORMAT": "Format",
      "CATEGORY_GLOBAL": "Global",
      "CATEGORY_OTHER": "Other",
      "CATEGORY_OUTPUT": "Output",
      "CATEGORY_SPECIAL": "Special"
    },
    "formatOptionsHiddenDefaults": {
      "astFormat": "estree",
      "printer": {},
      "locStart": null,
      "locEnd": null,
      "getVisitorKeys": null
    },
    "vnopts": {
      "apiDescriptor": {}
    },
    "picocolors": {
      "isColorSupported": false
    },
    "utilities": {}
  },
  "doc": {
    "builders": {
      "line": {
        "type": "line"
      },
      "softline": {
        "type": "line",
        "soft": true
      },
      "hardline": [
        {
          "type": "line",
          "hard": true
        },
        {
          "type": "break-parent"
        }
      ],
      "literalline": [
        {
          "type": "line",
          "hard": true,
          "literal": true
        },
        {
          "type": "break-parent"
        }
      ],
      "lineSuffixBoundary": {
        "type": "line-suffix-boundary"
      },
      "cursor": {
        "type": "cursor"
      },
      "breakParent": {
        "type": "break-parent"
      },
      "trim": {
        "type": "trim"
      },
      "hardlineWithoutBreakParent": {
        "type": "line",
        "hard": true
      },
      "literallineWithoutBreakParent": {
        "type": "line",
        "hard": true,
        "literal": true
      }
    },
    "default": {
      "builders": {
        "line": {
          "type": "line"
        },
        "softline": {
          "type": "line",
          "soft": true
        },
        "hardline": [
          {
            "type": "line",
            "hard": true
          },
          {
            "type": "break-parent"
          }
        ],
        "literalline": [
          {
            "type": "line",
            "hard": true,
            "literal": true
          },
          {
            "type": "break-parent"
          }
        ],
        "lineSuffixBoundary": {
          "type": "line-suffix-boundary"
        },
        "cursor": {
          "type": "cursor"
        },
        "breakParent": {
          "type": "break-parent"
        },
        "trim": {
          "type": "trim"
        },
        "hardlineWithoutBreakParent": {
          "type": "line",
          "hard": true
        },
        "literallineWithoutBreakParent": {
          "type": "line",
          "hard": true,
          "literal": true
        }
      },
      "printer": {},
      "utils": {}
    },
    "printer": {},
    "utils": {}
  },
  "util": {},
  "version": "3.7.4"
}
["WARN" - 01:29:42] Unable to resolve ignore path: .prettierignore for /home/diorges/Work/DenLion09.dots/os_config.md
["INFO" - 01:29:42] Resolved plugins:
[]
["INFO" - 01:29:42] File Info:
{
  "ignored": false,
  "inferredParser": "markdown"
}
["INFO" - 01:29:42] Using VS Code configuration
["INFO" - 01:29:42] Prettier Options:
{
  "arrowParens": "always",
  "bracketSpacing": true,
  "endOfLine": "lf",
  "htmlWhitespaceSensitivity": "css",
  "insertPragma": false,
  "singleAttributePerLine": false,
  "bracketSameLine": false,
  "jsxBracketSameLine": false,
  "jsxSingleQuote": false,
  "printWidth": 80,
  "proseWrap": "preserve",
  "quoteProps": "as-needed",
  "requirePragma": false,
  "semi": true,
  "singleQuote": false,
  "tabWidth": 2,
  "trailingComma": "all",
  "useTabs": false,
  "embeddedLanguageFormatting": "auto",
  "vueIndentScriptAndStyle": false,
  "experimentalTernaries": false,
  "objectWrap": "preserve",
  "experimentalOperatorPosition": "end",
  "filepath": "/home/diorges/Work/DenLion09.dots/os_config.md",
  "parser": "markdown"
}
["INFO" - 01:29:42] Formatting completed in 144ms.
["INFO" - 01:30:05] Formatting file:///home/diorges/Work/DenLion09.dots/os_config.md
["INFO" - 01:30:05] EditorConfig support is enabled, checking for .editorconfig files
["INFO" - 01:30:05] No local configuration (i.e. .prettierrc or .editorconfig) detected, will fall back to VS Code configuration
["INFO" - 01:30:05] PrettierInstance:
{
  "__debug": {
    "mockable": {
      "mocked": {},
      "implementations": {}
    }
  },
  "__internal": {
    "errors": {},
    "optionCategories": {
      "CATEGORY_CONFIG": "Config",
      "CATEGORY_EDITOR": "Editor",
      "CATEGORY_FORMAT": "Format",
      "CATEGORY_GLOBAL": "Global",
      "CATEGORY_OTHER": "Other",
      "CATEGORY_OUTPUT": "Output",
      "CATEGORY_SPECIAL": "Special"
    },
    "formatOptionsHiddenDefaults": {
      "astFormat": "estree",
      "printer": {},
      "locStart": null,
      "locEnd": null,
      "getVisitorKeys": null
    },
    "vnopts": {
      "apiDescriptor": {}
    },
    "picocolors": {
      "isColorSupported": false
    },
    "utilities": {}
  },
  "doc": {
    "builders": {
      "line": {
        "type": "line"
      },
      "softline": {
        "type": "line",
        "soft": true
      },
      "hardline": [
        {
          "type": "line",
          "hard": true
        },
        {
          "type": "break-parent"
        }
      ],
      "literalline": [
        {
          "type": "line",
          "hard": true,
          "literal": true
        },
        {
          "type": "break-parent"
        }
      ],
      "lineSuffixBoundary": {
        "type": "line-suffix-boundary"
      },
      "cursor": {
        "type": "cursor"
      },
      "breakParent": {
        "type": "break-parent"
      },
      "trim": {
        "type": "trim"
      },
      "hardlineWithoutBreakParent": {
        "type": "line",
        "hard": true
      },
      "literallineWithoutBreakParent": {
        "type": "line",
        "hard": true,
        "literal": true
      }
    },
    "default": {
      "builders": {
        "line": {
          "type": "line"
        },
        "softline": {
          "type": "line",
          "soft": true
        },
        "hardline": [
          {
            "type": "line",
            "hard": true
          },
          {
            "type": "break-parent"
          }
        ],
        "literalline": [
          {
            "type": "line",
            "hard": true,
            "literal": true
          },
          {
            "type": "break-parent"
          }
        ],
        "lineSuffixBoundary": {
          "type": "line-suffix-boundary"
        },
        "cursor": {
          "type": "cursor"
        },
        "breakParent": {
          "type": "break-parent"
        },
        "trim": {
          "type": "trim"
        },
        "hardlineWithoutBreakParent": {
          "type": "line",
          "hard": true
        },
        "literallineWithoutBreakParent": {
          "type": "line",
          "hard": true,
          "literal": true
        }
      },
      "printer": {},
      "utils": {}
    },
    "printer": {},
    "utils": {}
  },
  "util": {},
  "version": "3.7.4"
}
["WARN" - 01:30:05] Unable to resolve ignore path: .prettierignore for /home/diorges/Work/DenLion09.dots/os_config.md
["INFO" - 01:30:05] Resolved plugins:
[]
["INFO" - 01:30:05] File Info:
{
  "ignored": false,
  "inferredParser": "markdown"
}
["INFO" - 01:30:05] Using VS Code configuration
["INFO" - 01:30:05] Prettier Options:
{
  "arrowParens": "always",
  "bracketSpacing": true,
  "endOfLine": "lf",
  "htmlWhitespaceSensitivity": "css",
  "insertPragma": false,
  "singleAttributePerLine": false,
  "bracketSameLine": false,
  "jsxBracketSameLine": false,
  "jsxSingleQuote": false,
  "printWidth": 80,
  "proseWrap": "preserve",
  "quoteProps": "as-needed",
  "requirePragma": false,
  "semi": true,
  "singleQuote": false,
  "tabWidth": 2,
  "trailingComma": "all",
  "useTabs": false,
  "embeddedLanguageFormatting": "auto",
  "vueIndentScriptAndStyle": false,
  "experimentalTernaries": false,
  "objectWrap": "preserve",
  "experimentalOperatorPosition": "end",
  "filepath": "/home/diorges/Work/DenLion09.dots/os_config.md",
  "parser": "markdown"
}
["INFO" - 01:30:05] Formatting completed in 161ms.
["INFO" - 01:32:21] Formatting file:///home/diorges/Work/DenLion09.dots/os_config.md
["INFO" - 01:32:21] EditorConfig support is enabled, checking for .editorconfig files
["INFO" - 01:32:21] No local configuration (i.e. .prettierrc or .editorconfig) detected, will fall back to VS Code configuration
["INFO" - 01:32:21] PrettierInstance:
{
  "__debug": {
    "mockable": {
      "mocked": {},
      "implementations": {}
    }
  },
  "__internal": {
    "errors": {},
    "optionCategories": {
      "CATEGORY_CONFIG": "Config",
      "CATEGORY_EDITOR": "Editor",
      "CATEGORY_FORMAT": "Format",
      "CATEGORY_GLOBAL": "Global",
      "CATEGORY_OTHER": "Other",
      "CATEGORY_OUTPUT": "Output",
      "CATEGORY_SPECIAL": "Special"
    },
    "formatOptionsHiddenDefaults": {
      "astFormat": "estree",
      "printer": {},
      "locStart": null,
      "locEnd": null,
      "getVisitorKeys": null
    },
    "vnopts": {
      "apiDescriptor": {}
    },
    "picocolors": {
      "isColorSupported": false
    },
    "utilities": {}
  },
  "doc": {
    "builders": {
      "line": {
        "type": "line"
      },
      "softline": {
        "type": "line",
        "soft": true
      },
      "hardline": [
        {
          "type": "line",
          "hard": true
        },
        {
          "type": "break-parent"
        }
      ],
      "literalline": [
        {
          "type": "line",
          "hard": true,
          "literal": true
        },
        {
          "type": "break-parent"
        }
      ],
      "lineSuffixBoundary": {
        "type": "line-suffix-boundary"
      },
      "cursor": {
        "type": "cursor"
      },
      "breakParent": {
        "type": "break-parent"
      },
      "trim": {
        "type": "trim"
      },
      "hardlineWithoutBreakParent": {
        "type": "line",
        "hard": true
      },
      "literallineWithoutBreakParent": {
        "type": "line",
        "hard": true,
        "literal": true
      }
    },
    "default": {
      "builders": {
        "line": {
          "type": "line"
        },
        "softline": {
          "type": "line",
          "soft": true
        },
        "hardline": [
          {
            "type": "line",
            "hard": true
          },
          {
            "type": "break-parent"
          }
        ],
        "literalline": [
          {
            "type": "line",
            "hard": true,
            "literal": true
          },
          {
            "type": "break-parent"
          }
        ],
        "lineSuffixBoundary": {
          "type": "line-suffix-boundary"
        },
        "cursor": {
          "type": "cursor"
        },
        "breakParent": {
          "type": "break-parent"
        },
        "trim": {
          "type": "trim"
        },
        "hardlineWithoutBreakParent": {
          "type": "line",
          "hard": true
        },
        "literallineWithoutBreakParent": {
          "type": "line",
          "hard": true,
          "literal": true
        }
      },
      "printer": {},
      "utils": {}
    },
    "printer": {},
    "utils": {}
  },
  "util": {},
  "version": "3.7.4"
}
["WARN" - 01:32:21] Unable to resolve ignore path: .prettierignore for /home/diorges/Work/DenLion09.dots/os_config.md
["INFO" - 01:32:21] Resolved plugins:
[]
["INFO" - 01:32:21] File Info:
{
  "ignored": false,
  "inferredParser": "markdown"
}
["INFO" - 01:32:21] Using VS Code configuration
["INFO" - 01:32:21] Prettier Options:
{
  "arrowParens": "always",
  "bracketSpacing": true,
  "endOfLine": "lf",
  "htmlWhitespaceSensitivity": "css",
  "insertPragma": false,
  "singleAttributePerLine": false,
  "bracketSameLine": false,
  "jsxBracketSameLine": false,
  "jsxSingleQuote": false,
  "printWidth": 80,
  "proseWrap": "preserve",
  "quoteProps": "as-needed",
  "requirePragma": false,
  "semi": true,
  "singleQuote": false,
  "tabWidth": 2,
  "trailingComma": "all",
  "useTabs": false,
  "embeddedLanguageFormatting": "auto",
  "vueIndentScriptAndStyle": false,
  "experimentalTernaries": false,
  "objectWrap": "preserve",
  "experimentalOperatorPosition": "end",
  "filepath": "/home/diorges/Work/DenLion09.dots/os_config.md",
  "parser": "markdown"
}
["INFO" - 01:32:21] Formatting completed in 188ms.
["INFO" - 01:45:07] Formatting file:///home/diorges/Work/DenLion09.dots/os_config.md
["INFO" - 01:45:07] EditorConfig support is enabled, checking for .editorconfig files
["INFO" - 01:45:07] No local configuration (i.e. .prettierrc or .editorconfig) detected, will fall back to VS Code configuration
["INFO" - 01:45:07] PrettierInstance:
{
  "__debug": {
    "mockable": {
      "mocked": {},
      "implementations": {}
    }
  },
  "__internal": {
    "errors": {},
    "optionCategories": {
      "CATEGORY_CONFIG": "Config",
      "CATEGORY_EDITOR": "Editor",
      "CATEGORY_FORMAT": "Format",
      "CATEGORY_GLOBAL": "Global",
      "CATEGORY_OTHER": "Other",
      "CATEGORY_OUTPUT": "Output",
      "CATEGORY_SPECIAL": "Special"
    },
    "formatOptionsHiddenDefaults": {
      "astFormat": "estree",
      "printer": {},
      "locStart": null,
      "locEnd": null,
      "getVisitorKeys": null
    },
    "vnopts": {
      "apiDescriptor": {}
    },
    "picocolors": {
      "isColorSupported": false
    },
    "utilities": {}
  },
  "doc": {
    "builders": {
      "line": {
        "type": "line"
      },
      "softline": {
        "type": "line",
        "soft": true
      },
      "hardline": [
        {
          "type": "line",
          "hard": true
        },
        {
          "type": "break-parent"
        }
      ],
      "literalline": [
        {
          "type": "line",
          "hard": true,
          "literal": true
        },
        {
          "type": "break-parent"
        }
      ],
      "lineSuffixBoundary": {
        "type": "line-suffix-boundary"
      },
      "cursor": {
        "type": "cursor"
      },
      "breakParent": {
        "type": "break-parent"
      },
      "trim": {
        "type": "trim"
      },
      "hardlineWithoutBreakParent": {
        "type": "line",
        "hard": true
      },
      "literallineWithoutBreakParent": {
        "type": "line",
        "hard": true,
        "literal": true
      }
    },
    "default": {
      "builders": {
        "line": {
          "type": "line"
        },
        "softline": {
          "type": "line",
          "soft": true
        },
        "hardline": [
          {
            "type": "line",
            "hard": true
          },
          {
            "type": "break-parent"
          }
        ],
        "literalline": [
          {
            "type": "line",
            "hard": true,
            "literal": true
          },
          {
            "type": "break-parent"
          }
        ],
        "lineSuffixBoundary": {
          "type": "line-suffix-boundary"
        },
        "cursor": {
          "type": "cursor"
        },
        "breakParent": {
          "type": "break-parent"
        },
        "trim": {
          "type": "trim"
        },
        "hardlineWithoutBreakParent": {
          "type": "line",
          "hard": true
        },
        "literallineWithoutBreakParent": {
          "type": "line",
          "hard": true,
          "literal": true
        }
      },
      "printer": {},
      "utils": {}
    },
    "printer": {},
    "utils": {}
  },
  "util": {},
  "version": "3.7.4"
}
["WARN" - 01:45:07] Unable to resolve ignore path: .prettierignore for /home/diorges/Work/DenLion09.dots/os_config.md
["INFO" - 01:45:07] Resolved plugins:
[]
["INFO" - 01:45:07] File Info:
{
  "ignored": false,
  "inferredParser": "markdown"
}
["INFO" - 01:45:07] Using VS Code configuration
["INFO" - 01:45:07] Prettier Options:
{
  "arrowParens": "always",
  "bracketSpacing": true,
  "endOfLine": "lf",
  "htmlWhitespaceSensitivity": "css",
  "insertPragma": false,
  "singleAttributePerLine": false,
  "bracketSameLine": false,
  "jsxBracketSameLine": false,
  "jsxSingleQuote": false,
  "printWidth": 80,
  "proseWrap": "preserve",
  "quoteProps": "as-needed",
  "requirePragma": false,
  "semi": true,
  "singleQuote": false,
  "tabWidth": 2,
  "trailingComma": "all",
  "useTabs": false,
  "embeddedLanguageFormatting": "auto",
  "vueIndentScriptAndStyle": false,
  "experimentalTernaries": false,
  "objectWrap": "preserve",
  "experimentalOperatorPosition": "end",
  "filepath": "/home/diorges/Work/DenLion09.dots/os_config.md",
  "parser": "markdown"
}
["INFO" - 01:45:07] Formatting completed in 308ms.
["INFO" - 01:51:15] EditorConfig support is enabled, checking for .editorconfig files
["INFO" - 01:51:15] No local configuration (i.e. .prettierrc or .editorconfig) detected, will fall back to VS Code configuration
["INFO" - 01:56:54] Formatting file:///home/diorges/Work/DenLion09.dots/stack.md
["INFO" - 01:56:54] EditorConfig support is enabled, checking for .editorconfig files
["INFO" - 01:56:54] No local configuration (i.e. .prettierrc or .editorconfig) detected, will fall back to VS Code configuration
["INFO" - 01:56:54] PrettierInstance:
{
  "__debug": {
    "mockable": {
      "mocked": {},
      "implementations": {}
    }
  },
  "__internal": {
    "errors": {},
    "optionCategories": {
      "CATEGORY_CONFIG": "Config",
      "CATEGORY_EDITOR": "Editor",
      "CATEGORY_FORMAT": "Format",
      "CATEGORY_GLOBAL": "Global",
      "CATEGORY_OTHER": "Other",
      "CATEGORY_OUTPUT": "Output",
      "CATEGORY_SPECIAL": "Special"
    },
    "formatOptionsHiddenDefaults": {
      "astFormat": "estree",
      "printer": {},
      "locStart": null,
      "locEnd": null,
      "getVisitorKeys": null
    },
    "vnopts": {
      "apiDescriptor": {}
    },
    "picocolors": {
      "isColorSupported": false
    },
    "utilities": {}
  },
  "doc": {
    "builders": {
      "line": {
        "type": "line"
      },
      "softline": {
        "type": "line",
        "soft": true
      },
      "hardline": [
        {
          "type": "line",
          "hard": true
        },
        {
          "type": "break-parent"
        }
      ],
      "literalline": [
        {
          "type": "line",
          "hard": true,
          "literal": true
        },
        {
          "type": "break-parent"
        }
      ],
      "lineSuffixBoundary": {
        "type": "line-suffix-boundary"
      },
      "cursor": {
        "type": "cursor"
      },
      "breakParent": {
        "type": "break-parent"
      },
      "trim": {
        "type": "trim"
      },
      "hardlineWithoutBreakParent": {
        "type": "line",
        "hard": true
      },
      "literallineWithoutBreakParent": {
        "type": "line",
        "hard": true,
        "literal": true
      }
    },
    "default": {
      "builders": {
        "line": {
          "type": "line"
        },
        "softline": {
          "type": "line",
          "soft": true
        },
        "hardline": [
          {
            "type": "line",
            "hard": true
          },
          {
            "type": "break-parent"
          }
        ],
        "literalline": [
          {
            "type": "line",
            "hard": true,
            "literal": true
          },
          {
            "type": "break-parent"
          }
        ],
        "lineSuffixBoundary": {
          "type": "line-suffix-boundary"
        },
        "cursor": {
          "type": "cursor"
        },
        "breakParent": {
          "type": "break-parent"
        },
        "trim": {
          "type": "trim"
        },
        "hardlineWithoutBreakParent": {
          "type": "line",
          "hard": true
        },
        "literallineWithoutBreakParent": {
          "type": "line",
          "hard": true,
          "literal": true
        }
      },
      "printer": {},
      "utils": {}
    },
    "printer": {},
    "utils": {}
  },
  "util": {},
  "version": "3.7.4"
}
["WARN" - 01:56:54] Unable to resolve ignore path: .prettierignore for /home/diorges/Work/DenLion09.dots/stack.md
["INFO" - 01:56:54] Resolved plugins:
[]
["INFO" - 01:56:54] File Info:
{
  "ignored": false,
  "inferredParser": "markdown"
}
["INFO" - 01:56:54] Using VS Code configuration
["INFO" - 01:56:54] Prettier Options:
{
  "arrowParens": "always",
  "bracketSpacing": true,
  "endOfLine": "lf",
  "htmlWhitespaceSensitivity": "css",
  "insertPragma": false,
  "singleAttributePerLine": false,
  "bracketSameLine": false,
  "jsxBracketSameLine": false,
  "jsxSingleQuote": false,
  "printWidth": 80,
  "proseWrap": "preserve",
  "quoteProps": "as-needed",
  "requirePragma": false,
  "semi": true,
  "singleQuote": false,
  "tabWidth": 2,
  "trailingComma": "all",
  "useTabs": false,
  "embeddedLanguageFormatting": "auto",
  "vueIndentScriptAndStyle": false,
  "experimentalTernaries": false,
  "objectWrap": "preserve",
  "experimentalOperatorPosition": "end",
  "filepath": "/home/diorges/Work/DenLion09.dots/stack.md",
  "parser": "markdown"
}
["INFO" - 01:56:55] Formatting completed in 375ms.
["INFO" - 01:57:02] Formatting file:///home/diorges/Work/DenLion09.dots/stack.md
["INFO" - 01:57:02] EditorConfig support is enabled, checking for .editorconfig files
["INFO" - 01:57:02] No local configuration (i.e. .prettierrc or .editorconfig) detected, will fall back to VS Code configuration
["INFO" - 01:57:02] PrettierInstance:
{
  "__debug": {
    "mockable": {
      "mocked": {},
      "implementations": {}
    }
  },
  "__internal": {
    "errors": {},
    "optionCategories": {
      "CATEGORY_CONFIG": "Config",
      "CATEGORY_EDITOR": "Editor",
      "CATEGORY_FORMAT": "Format",
      "CATEGORY_GLOBAL": "Global",
      "CATEGORY_OTHER": "Other",
      "CATEGORY_OUTPUT": "Output",
      "CATEGORY_SPECIAL": "Special"
    },
    "formatOptionsHiddenDefaults": {
      "astFormat": "estree",
      "printer": {},
      "locStart": null,
      "locEnd": null,
      "getVisitorKeys": null
    },
    "vnopts": {
      "apiDescriptor": {}
    },
    "picocolors": {
      "isColorSupported": false
    },
    "utilities": {}
  },
  "doc": {
    "builders": {
      "line": {
        "type": "line"
      },
      "softline": {
        "type": "line",
        "soft": true
      },
      "hardline": [
        {
          "type": "line",
          "hard": true
        },
        {
          "type": "break-parent"
        }
      ],
      "literalline": [
        {
          "type": "line",
          "hard": true,
          "literal": true
        },
        {
          "type": "break-parent"
        }
      ],
      "lineSuffixBoundary": {
        "type": "line-suffix-boundary"
      },
      "cursor": {
        "type": "cursor"
      },
      "breakParent": {
        "type": "break-parent"
      },
      "trim": {
        "type": "trim"
      },
      "hardlineWithoutBreakParent": {
        "type": "line",
        "hard": true
      },
      "literallineWithoutBreakParent": {
        "type": "line",
        "hard": true,
        "literal": true
      }
    },
    "default": {
      "builders": {
        "line": {
          "type": "line"
        },
        "softline": {
          "type": "line",
          "soft": true
        },
        "hardline": [
          {
            "type": "line",
            "hard": true
          },
          {
            "type": "break-parent"
          }
        ],
        "literalline": [
          {
            "type": "line",
            "hard": true,
            "literal": true
          },
          {
            "type": "break-parent"
          }
        ],
        "lineSuffixBoundary": {
          "type": "line-suffix-boundary"
        },
        "cursor": {
          "type": "cursor"
        },
        "breakParent": {
          "type": "break-parent"
        },
        "trim": {
          "type": "trim"
        },
        "hardlineWithoutBreakParent": {
          "type": "line",
          "hard": true
        },
        "literallineWithoutBreakParent": {
          "type": "line",
          "hard": true,
          "literal": true
        }
      },
      "printer": {},
      "utils": {}
    },
    "printer": {},
    "utils": {}
  },
  "util": {},
  "version": "3.7.4"
}
["WARN" - 01:57:02] Unable to resolve ignore path: .prettierignore for /home/diorges/Work/DenLion09.dots/stack.md
["INFO" - 01:57:02] Resolved plugins:
[]
["INFO" - 01:57:02] File Info:
{
  "ignored": false,
  "inferredParser": "markdown"
}
["INFO" - 01:57:02] Using VS Code configuration
["INFO" - 01:57:02] Prettier Options:
{
  "arrowParens": "always",
  "bracketSpacing": true,
  "endOfLine": "lf",
  "htmlWhitespaceSensitivity": "css",
  "insertPragma": false,
  "singleAttributePerLine": false,
  "bracketSameLine": false,
  "jsxBracketSameLine": false,
  "jsxSingleQuote": false,
  "printWidth": 80,
  "proseWrap": "preserve",
  "quoteProps": "as-needed",
  "requirePragma": false,
  "semi": true,
  "singleQuote": false,
  "tabWidth": 2,
  "trailingComma": "all",
  "useTabs": false,
  "embeddedLanguageFormatting": "auto",
  "vueIndentScriptAndStyle": false,
  "experimentalTernaries": false,
  "objectWrap": "preserve",
  "experimentalOperatorPosition": "end",
  "filepath": "/home/diorges/Work/DenLion09.dots/stack.md",
  "parser": "markdown"
}
["INFO" - 01:57:02] Formatting completed in 232ms.
