2026-05-20 07:44:42.169 [info] [main] Log level: Info
2026-05-20 07:44:42.169 [info] [main] Validating found git in: "git"
2026-05-20 07:44:42.169 [info] [main] Using git "2.53.0" from "git"
2026-05-20 07:44:42.169 [info] [Model][doInitialScan] Initial repository scan started
2026-05-20 07:44:42.169 [info] > git rev-parse --show-toplevel [34ms]
2026-05-20 07:44:42.169 [info] > git rev-parse --git-dir --git-common-dir --show-superproject-working-tree [260ms]
2026-05-20 07:44:42.169 [info] [Model][openRepository] Opened repository (path): /home/diorges/Work/DenLion09.dots
2026-05-20 07:44:42.169 [info] [Model][openRepository] Opened repository (real path): /home/diorges/Work/DenLion09.dots
2026-05-20 07:44:42.169 [info] [Model][openRepository] Opened repository (kind): repository
2026-05-20 07:44:42.169 [info] > git config --get commit.template [23ms]
2026-05-20 07:44:42.169 [info] > git config --get --local core.virtualfilesystem [35ms]
2026-05-20 07:44:42.169 [warning] [Git][config] git config failed: Failed to execute git
2026-05-20 07:44:42.169 [info] > git rev-parse --show-toplevel [12ms]
2026-05-20 07:44:42.169 [info] [Model][doInitialScan] Initial repository scan completed - repositories (1), closed repositories (0), parent repositories (0), unsafe repositories (0)
2026-05-20 07:44:42.169 [info] > git for-each-ref --format=%(refname)%00%(upstream:short)%00%(objectname)%00%(upstream:track)%00%(upstream:remotename)%00%(upstream:remoteref) refs/heads/master refs/remotes/master [9ms]
2026-05-20 07:44:42.169 [info] > git status -z -uall [33ms]
2026-05-20 07:44:42.169 [info] > git for-each-ref --sort -committerdate --format %(refname)%00%(objectname)%00%(*objectname) [25ms]
2026-05-20 07:44:42.169 [info] > git for-each-ref --format=%(refname)%00%(upstream:short)%00%(objectname)%00%(upstream:track)%00%(upstream:remotename)%00%(upstream:remoteref) refs/heads/master refs/remotes/master [78ms]
2026-05-20 07:44:42.169 [info] > git config --get --local branch.master.vscode-merge-base [38ms]
2026-05-20 07:44:42.169 [warning] [Git][config] git config failed: Failed to execute git
2026-05-20 07:44:42.170 [info] > git config --get commit.template [18ms]
2026-05-20 07:44:42.372 [info] > git reflog master --grep-reflog=branch: Created from *. [209ms]
2026-05-20 07:44:42.685 [info] > git symbolic-ref --short refs/remotes/origin/HEAD [307ms]
2026-05-20 07:44:42.685 [info] fatal: ref refs/remotes/origin/HEAD is not a symbolic ref
2026-05-20 07:44:42.685 [warning] [Repository][getDefaultBranch] Failed to get default branch details: Failed to execute git.
2026-05-20 07:44:42.888 [info] > git check-ignore -v -z --stdin [134ms]
2026-05-20 07:44:42.895 [info] > git merge-base refs/heads/master refs/remotes/origin/master [160ms]
2026-05-20 07:44:42.905 [info] > git for-each-ref --format=%(refname)%00%(upstream:short)%00%(objectname)%00%(upstream:track)%00%(upstream:remotename)%00%(upstream:remoteref) refs/heads/master refs/remotes/master [350ms]
2026-05-20 07:44:42.969 [info] > git check-ignore -v -z --stdin [90ms]
2026-05-20 07:44:42.982 [info] > git diff --raw --numstat --diff-filter=ADMR -z --find-renames=50% 23c2ff3dd572320c25d497d58b26cb8090e0b2cd...refs/remotes/origin/master -- [77ms]
2026-05-20 07:44:43.062 [info] > git show --textconv :stack.md [60ms]
2026-05-20 07:44:43.089 [info] > git ls-files --stage -- stack.md [67ms]
2026-05-20 07:44:43.181 [info] > git status -z -uall [106ms]
2026-05-20 07:44:43.181 [info] > git cat-file -s 4782c3f95744ae8bea2fcbde2cadbd57e7e8b3dd [76ms]
2026-05-20 07:44:43.183 [info] > git for-each-ref --sort -committerdate --format %(refname)%00%(objectname)%00%(*objectname) [98ms]
2026-05-20 07:44:44.353 [info] > git check-ignore -v -z --stdin [465ms]
2026-05-20 07:44:44.355 [info] > git blame --root --incremental 23c2ff3dd572320c25d497d58b26cb8090e0b2cd -- stack.md [425ms]
2026-05-20 07:45:29.388 [info] > git check-ignore -v -z --stdin [8ms]
2026-05-20 07:45:29.793 [info] > git check-ignore -v -z --stdin [22ms]
2026-05-20 07:45:31.148 [info] > git check-ignore -v -z --stdin [39ms]
2026-05-20 07:45:31.860 [info] > git check-ignore -v -z --stdin [8ms]
2026-05-20 08:04:59.123 [info] > git check-ignore -v -z --stdin [3ms]
2026-05-20 08:07:01.598 [info] > git check-ignore -v -z --stdin [8ms]
2026-05-20 08:07:04.774 [info] > git check-ignore -v -z --stdin [24ms]
2026-05-20 08:07:05.983 [info] > git check-ignore -v -z --stdin [41ms]
2026-05-20 08:07:07.540 [info] > git check-ignore -v -z --stdin [9ms]
2026-05-20 08:07:08.135 [info] > git check-ignore -v -z --stdin [9ms]
2026-05-20 08:07:08.476 [info] > git check-ignore -v -z --stdin [47ms]
2026-05-20 08:07:08.830 [info] > git check-ignore -v -z --stdin [26ms]
2026-05-20 08:07:09.649 [info] > git check-ignore -v -z --stdin [34ms]
2026-05-20 08:07:10.111 [info] > git check-ignore -v -z --stdin [10ms]
2026-05-20 08:07:10.980 [info] > git check-ignore -v -z --stdin [6ms]
2026-05-20 08:07:11.901 [info] > git check-ignore -v -z --stdin [25ms]
2026-05-20 08:07:12.102 [info] > git check-ignore -v -z --stdin [22ms]
2026-05-20 08:07:12.561 [info] > git check-ignore -v -z --stdin [17ms]
2026-05-20 08:07:13.397 [info] > git check-ignore -v -z --stdin [14ms]
2026-05-20 08:07:14.518 [info] > git check-ignore -v -z --stdin [11ms]
2026-05-20 08:07:15.235 [info] > git check-ignore -v -z --stdin [20ms]
2026-05-20 08:07:16.342 [info] > git check-ignore -v -z --stdin [34ms]
2026-05-20 08:07:17.168 [info] > git check-ignore -v -z --stdin [37ms]
2026-05-20 08:07:17.679 [info] > git check-ignore -v -z --stdin [39ms]
2026-05-20 08:07:18.255 [info] > git check-ignore -v -z --stdin [33ms]
2026-05-20 08:07:18.797 [info] > git check-ignore -v -z --stdin [36ms]
2026-05-20 08:07:19.716 [info] > git check-ignore -v -z --stdin [56ms]
2026-05-20 08:07:19.961 [info] > git check-ignore -v -z --stdin [21ms]
2026-05-20 08:07:20.762 [info] > git check-ignore -v -z --stdin [27ms]
2026-05-20 08:07:21.230 [info] > git check-ignore -v -z --stdin [45ms]
2026-05-20 08:07:21.447 [info] > git check-ignore -v -z --stdin [20ms]
2026-05-20 08:07:21.776 [info] > git check-ignore -v -z --stdin [21ms]
2026-05-20 08:07:21.975 [info] > git check-ignore -v -z --stdin [7ms]
2026-05-20 08:07:22.275 [info] > git check-ignore -v -z --stdin [7ms]
2026-05-20 08:07:22.530 [info] > git check-ignore -v -z --stdin [28ms]
2026-05-20 08:07:23.283 [info] > git check-ignore -v -z --stdin [61ms]
2026-05-20 08:07:23.659 [info] > git check-ignore -v -z --stdin [31ms]
2026-05-20 08:07:24.398 [info] > git check-ignore -v -z --stdin [31ms]
2026-05-20 08:07:24.799 [info] > git check-ignore -v -z --stdin [34ms]
2026-05-20 08:07:25.654 [info] > git check-ignore -v -z --stdin [9ms]
2026-05-20 08:07:27.134 [info] > git check-ignore -v -z --stdin [32ms]
2026-05-20 08:07:28.475 [info] > git check-ignore -v -z --stdin [11ms]
2026-05-20 08:07:29.210 [info] > git check-ignore -v -z --stdin [37ms]
2026-05-20 08:07:29.912 [info] > git check-ignore -v -z --stdin [3ms]
2026-05-20 08:07:30.954 [info] > git check-ignore -v -z --stdin [37ms]
2026-05-20 08:07:31.643 [info] > git check-ignore -v -z --stdin [16ms]
2026-05-20 08:07:32.499 [info] > git check-ignore -v -z --stdin [17ms]
2026-05-20 08:07:33.922 [info] > git check-ignore -v -z --stdin [51ms]
2026-05-20 08:07:34.599 [info] > git check-ignore -v -z --stdin [20ms]
2026-05-20 08:07:34.858 [info] > git check-ignore -v -z --stdin [21ms]
2026-05-20 08:07:36.411 [info] > git check-ignore -v -z --stdin [14ms]
2026-05-20 08:07:36.878 [info] > git check-ignore -v -z --stdin [32ms]
2026-05-20 08:07:37.156 [info] > git check-ignore -v -z --stdin [11ms]
2026-05-20 08:07:38.621 [info] > git check-ignore -v -z --stdin [26ms]
2026-05-20 08:07:39.897 [info] > git check-ignore -v -z --stdin [17ms]
2026-05-20 08:07:40.191 [info] > git check-ignore -v -z --stdin [21ms]
2026-05-20 08:07:40.544 [info] > git check-ignore -v -z --stdin [16ms]
2026-05-20 08:07:41.019 [info] > git check-ignore -v -z --stdin [27ms]
2026-05-20 08:07:41.672 [info] > git check-ignore -v -z --stdin [7ms]
2026-05-20 08:07:43.954 [info] > git check-ignore -v -z --stdin [26ms]
2026-05-20 08:07:44.927 [info] > git check-ignore -v -z --stdin [25ms]
2026-05-20 08:07:46.299 [info] > git check-ignore -v -z --stdin [4ms]
2026-05-20 08:07:46.813 [info] > git check-ignore -v -z --stdin [18ms]
2026-05-20 08:07:47.467 [info] > git check-ignore -v -z --stdin [27ms]
2026-05-20 08:07:48.872 [info] > git check-ignore -v -z --stdin [23ms]
2026-05-20 08:07:49.654 [info] > git check-ignore -v -z --stdin [20ms]
2026-05-20 08:07:50.268 [info] > git check-ignore -v -z --stdin [16ms]
2026-05-20 08:07:51.284 [info] > git check-ignore -v -z --stdin [28ms]
2026-05-20 08:07:52.158 [info] > git check-ignore -v -z --stdin [5ms]
2026-05-20 08:07:52.567 [info] > git check-ignore -v -z --stdin [14ms]
2026-05-20 08:07:54.074 [info] > git check-ignore -v -z --stdin [17ms]
2026-05-20 08:07:54.956 [info] > git check-ignore -v -z --stdin [49ms]
2026-05-20 08:08:00.550 [info] > git check-ignore -v -z --stdin [37ms]
2026-05-20 08:08:00.762 [info] > git check-ignore -v -z --stdin [43ms]
2026-05-20 08:08:00.939 [info] > git check-ignore -v -z --stdin [5ms]
2026-05-20 08:08:01.459 [info] > git check-ignore -v -z --stdin [18ms]
2026-05-20 08:08:01.940 [info] > git check-ignore -v -z --stdin [25ms]
2026-05-20 08:08:02.557 [info] > git check-ignore -v -z --stdin [32ms]
2026-05-20 08:08:03.105 [info] > git check-ignore -v -z --stdin [37ms]
2026-05-20 08:08:03.853 [info] > git check-ignore -v -z --stdin [16ms]
2026-05-20 08:08:05.600 [info] > git check-ignore -v -z --stdin [1ms]
2026-05-20 08:08:05.831 [info] > git check-ignore -v -z --stdin [6ms]
2026-05-20 08:08:06.105 [info] > git check-ignore -v -z --stdin [23ms]
2026-05-20 08:08:07.668 [info] > git check-ignore -v -z --stdin [26ms]
2026-05-20 08:08:08.760 [info] > git check-ignore -v -z --stdin [22ms]
2026-05-20 08:08:09.531 [info] > git check-ignore -v -z --stdin [25ms]
2026-05-20 08:08:10.676 [info] > git check-ignore -v -z --stdin [18ms]
2026-05-20 08:08:11.002 [info] > git check-ignore -v -z --stdin [8ms]
2026-05-20 08:08:12.002 [info] > git check-ignore -v -z --stdin [14ms]
2026-05-20 08:08:13.735 [info] > git check-ignore -v -z --stdin [14ms]
2026-05-20 08:08:14.035 [info] > git check-ignore -v -z --stdin [18ms]
2026-05-20 08:08:19.467 [info] > git check-ignore -v -z --stdin [27ms]
2026-05-20 08:08:20.772 [info] > git check-ignore -v -z --stdin [12ms]
2026-05-20 08:08:21.822 [info] > git check-ignore -v -z --stdin [16ms]
2026-05-20 08:08:22.482 [info] > git check-ignore -v -z --stdin [39ms]
2026-05-20 08:08:24.180 [info] > git check-ignore -v -z --stdin [25ms]
2026-05-20 08:08:24.663 [info] > git check-ignore -v -z --stdin [7ms]
2026-05-20 08:08:25.452 [info] > git check-ignore -v -z --stdin [13ms]
2026-05-20 08:08:25.736 [info] > git check-ignore -v -z --stdin [24ms]
2026-05-20 08:08:26.951 [info] > git check-ignore -v -z --stdin [9ms]
2026-05-20 08:08:27.268 [info] > git check-ignore -v -z --stdin [6ms]
2026-05-20 08:08:27.717 [info] > git check-ignore -v -z --stdin [18ms]
2026-05-20 08:08:27.970 [info] > git check-ignore -v -z --stdin [25ms]
2026-05-20 08:08:29.344 [info] > git check-ignore -v -z --stdin [27ms]
2026-05-20 08:08:29.919 [info] > git check-ignore -v -z --stdin [23ms]
2026-05-20 08:08:30.332 [info] > git check-ignore -v -z --stdin [17ms]
2026-05-20 08:08:30.603 [info] > git check-ignore -v -z --stdin [18ms]
2026-05-20 08:08:31.187 [info] > git check-ignore -v -z --stdin [10ms]
2026-05-20 08:08:32.199 [info] > git check-ignore -v -z --stdin [31ms]
2026-05-20 08:08:32.726 [info] > git check-ignore -v -z --stdin [28ms]
2026-05-20 08:08:35.933 [info] > git check-ignore -v -z --stdin [4ms]
2026-05-20 08:08:36.313 [info] > git check-ignore -v -z --stdin [27ms]
2026-05-20 08:08:37.054 [info] > git check-ignore -v -z --stdin [31ms]
2026-05-20 08:08:37.285 [info] > git check-ignore -v -z --stdin [22ms]
2026-05-20 08:08:38.780 [info] > git check-ignore -v -z --stdin [8ms]
2026-05-20 08:08:39.348 [info] > git check-ignore -v -z --stdin [26ms]
2026-05-20 08:08:39.653 [info] > git check-ignore -v -z --stdin [2ms]
2026-05-20 08:08:41.632 [info] > git check-ignore -v -z --stdin [7ms]
2026-05-20 08:08:42.012 [info] > git check-ignore -v -z --stdin [25ms]
2026-05-20 08:08:42.344 [info] > git check-ignore -v -z --stdin [8ms]
2026-05-20 08:08:43.116 [info] > git check-ignore -v -z --stdin [11ms]
2026-05-20 08:08:43.473 [info] > git check-ignore -v -z --stdin [20ms]
2026-05-20 08:08:44.123 [info] > git check-ignore -v -z --stdin [25ms]
2026-05-20 08:08:44.341 [info] > git check-ignore -v -z --stdin [21ms]
2026-05-20 08:08:44.825 [info] > git check-ignore -v -z --stdin [9ms]
2026-05-20 08:08:45.125 [info] > git check-ignore -v -z --stdin [6ms]
2026-05-20 08:08:45.416 [info] > git check-ignore -v -z --stdin [7ms]
2026-05-20 08:08:45.898 [info] > git check-ignore -v -z --stdin [33ms]
2026-05-20 08:08:46.404 [info] > git check-ignore -v -z --stdin [19ms]
2026-05-20 08:08:47.117 [info] > git check-ignore -v -z --stdin [30ms]
2026-05-20 08:08:49.123 [info] > git check-ignore -v -z --stdin [24ms]
2026-05-20 08:08:49.531 [info] > git check-ignore -v -z --stdin [4ms]
2026-05-20 08:08:50.871 [info] > git check-ignore -v -z --stdin [30ms]
2026-05-20 08:08:51.144 [info] > git check-ignore -v -z --stdin [23ms]
2026-05-20 08:08:51.540 [info] > git check-ignore -v -z --stdin [23ms]
2026-05-20 08:08:53.359 [info] > git check-ignore -v -z --stdin [6ms]
2026-05-20 08:08:54.427 [info] > git check-ignore -v -z --stdin [25ms]
2026-05-20 08:08:55.243 [info] > git check-ignore -v -z --stdin [8ms]
2026-05-20 08:08:56.089 [info] > git check-ignore -v -z --stdin [11ms]
2026-05-20 08:09:23.769 [info] > git check-ignore -v -z --stdin [11ms]
2026-05-20 08:09:42.796 [info] > git check-ignore -v -z --stdin [19ms]
2026-05-20 08:09:43.080 [info] > git check-ignore -v -z --stdin [8ms]
2026-05-20 08:09:43.520 [info] > git check-ignore -v -z --stdin [29ms]
2026-05-20 08:09:45.159 [info] > git check-ignore -v -z --stdin [6ms]
2026-05-20 08:09:46.477 [info] > git check-ignore -v -z --stdin [10ms]
2026-05-20 08:09:46.837 [info] > git check-ignore -v -z --stdin [11ms]
2026-05-20 08:09:47.456 [info] > git check-ignore -v -z --stdin [6ms]
2026-05-20 08:09:48.524 [info] > git check-ignore -v -z --stdin [36ms]
2026-05-20 08:09:48.660 [info] > git check-ignore -v -z --stdin [2ms]
2026-05-20 08:09:50.583 [info] > git check-ignore -v -z --stdin [15ms]
2026-05-20 08:09:51.533 [info] > git config --get commit.template [17ms]
2026-05-20 08:09:51.535 [info] > git for-each-ref --format=%(refname)%00%(upstream:short)%00%(objectname)%00%(upstream:track)%00%(upstream:remotename)%00%(upstream:remoteref) refs/heads/master refs/remotes/master [7ms]
2026-05-20 08:09:51.559 [info] > git status -z -uall [11ms]
2026-05-20 08:09:51.561 [info] > git for-each-ref --sort -committerdate --format %(refname)%00%(objectname)%00%(*objectname) [4ms]
2026-05-20 08:09:51.896 [info] > git check-ignore -v -z --stdin [8ms]
2026-05-20 08:12:47.910 [info] > git check-ignore -v -z --stdin [10ms]
2026-05-20 08:12:49.004 [info] > git check-ignore -v -z --stdin [19ms]
2026-05-20 08:12:49.860 [info] > git for-each-ref --format=%(refname)%00%(upstream:short)%00%(objectname)%00%(upstream:track)%00%(upstream:remotename)%00%(upstream:remoteref) refs/heads/master refs/remotes/master [4ms]
2026-05-20 08:12:49.861 [info] > git config --get commit.template [13ms]
2026-05-20 08:12:49.874 [info] > git status -z -uall [8ms]
2026-05-20 08:12:49.876 [info] > git for-each-ref --sort -committerdate --format %(refname)%00%(objectname)%00%(*objectname) [3ms]
2026-05-20 08:12:50.200 [info] > git check-ignore -v -z --stdin [1ms]
2026-05-20 08:13:01.217 [info] > git check-ignore -v -z --stdin [36ms]
2026-05-20 08:13:02.277 [info] > git check-ignore -v -z --stdin [5ms]
2026-05-20 08:13:03.063 [info] > git check-ignore -v -z --stdin [8ms]
2026-05-20 08:13:04.811 [info] > git check-ignore -v -z --stdin [44ms]
2026-05-20 08:13:05.492 [info] > git check-ignore -v -z --stdin [48ms]
2026-05-20 08:13:05.717 [info] > git check-ignore -v -z --stdin [25ms]
2026-05-20 08:13:05.976 [info] > git check-ignore -v -z --stdin [22ms]
2026-05-20 08:13:07.083 [info] > git check-ignore -v -z --stdin [12ms]
2026-05-20 08:13:07.525 [info] > git check-ignore -v -z --stdin [12ms]
2026-05-20 08:13:12.240 [info] > git check-ignore -v -z --stdin [5ms]
2026-05-20 08:13:12.761 [info] > git check-ignore -v -z --stdin [19ms]
2026-05-20 08:13:13.254 [info] > git check-ignore -v -z --stdin [7ms]
2026-05-20 08:13:14.170 [info] > git check-ignore -v -z --stdin [8ms]
2026-05-20 08:13:15.127 [info] > git config --get commit.template [8ms]
2026-05-20 08:13:15.128 [info] > git for-each-ref --format=%(refname)%00%(upstream:short)%00%(objectname)%00%(upstream:track)%00%(upstream:remotename)%00%(upstream:remoteref) refs/heads/master refs/remotes/master [2ms]
2026-05-20 08:13:15.142 [info] > git status -z -uall [9ms]
2026-05-20 08:13:15.142 [info] > git for-each-ref --sort -committerdate --format %(refname)%00%(objectname)%00%(*objectname) [2ms]
2026-05-20 08:13:15.460 [info] > git check-ignore -v -z --stdin [3ms]
2026-05-20 08:13:27.733 [info] > git check-ignore -v -z --stdin [4ms]
2026-05-20 08:14:07.134 [info] > git check-ignore -v -z --stdin [39ms]
2026-05-20 08:14:08.335 [info] > git check-ignore -v -z --stdin [21ms]
2026-05-20 08:14:08.539 [info] > git check-ignore -v -z --stdin [3ms]
2026-05-20 08:14:10.508 [info] > git check-ignore -v -z --stdin [13ms]
2026-05-20 08:14:12.263 [info] > git config --get commit.template [4ms]
2026-05-20 08:14:12.273 [info] > git for-each-ref --format=%(refname)%00%(upstream:short)%00%(objectname)%00%(upstream:track)%00%(upstream:remotename)%00%(upstream:remoteref) refs/heads/master refs/remotes/master [4ms]
2026-05-20 08:14:12.287 [info] > git status -z -uall [7ms]
2026-05-20 08:14:12.290 [info] > git for-each-ref --sort -committerdate --format %(refname)%00%(objectname)%00%(*objectname) [4ms]
2026-05-20 08:14:12.633 [info] > git check-ignore -v -z --stdin [4ms]
