2026-05-19 13:39:09.064 [info] Reading sessions from keychain...
2026-05-19 13:39:09.064 [info] Getting sessions for all scopes...
2026-05-19 13:39:09.064 [info] Got stored sessions!
2026-05-19 13:39:09.064 [info] Got 2 verified sessions.
2026-05-19 13:39:09.064 [info] Got 2 sessions for ...
2026-05-19 13:39:09.064 [info] Getting sessions for all scopes...
2026-05-19 13:39:09.064 [info] Got 2 sessions for ...
2026-05-19 13:39:09.064 [info] Getting sessions for all scopes...
2026-05-19 13:39:09.064 [info] Got 2 sessions for ...
2026-05-19 13:39:09.064 [info] Getting sessions for all scopes...
2026-05-19 13:39:09.064 [info] Got 2 sessions for ...
2026-05-19 13:39:09.069 [info] Getting sessions for all scopes...
2026-05-19 13:39:09.069 [info] Got 2 sessions for ...
2026-05-19 13:39:11.245 [info] Getting sessions for all scopes...
2026-05-19 13:39:11.245 [info] Got 2 sessions for ...
2026-05-19 13:39:11.469 [info] Getting sessions for all scopes...
2026-05-19 13:39:11.469 [info] Got 2 sessions for ...
2026-05-19 13:39:11.614 [info] Getting sessions for all scopes...
2026-05-19 13:39:11.614 [info] Got 2 sessions for ...
2026-05-19 13:39:11.738 [info] Getting sessions for all scopes...
2026-05-19 13:39:11.738 [info] Got 2 sessions for ...
2026-05-19 13:39:11.991 [info] FetcherService: Node fetch failed with status: 429 Too Many Requests
2026-05-19 13:39:12.002 [info] Unable to resolve optional EDU details. Status: 429 Too Many Requests
2026-05-19 13:39:25.285 [info] Getting sessions for read:user,repo,user:email,workflow...
2026-05-19 13:39:25.286 [info] Got 1 sessions for read:user,repo,user:email,workflow...
2026-05-19 13:39:43.759 [info] Getting sessions for read:user,repo,user:email,workflow...
2026-05-19 13:39:43.759 [info] Got 1 sessions for read:user,repo,user:email,workflow...
2026-05-19 13:39:45.563 [info] Getting sessions for read:user,repo,user:email,workflow...
2026-05-19 13:39:45.563 [info] Got 1 sessions for read:user,repo,user:email,workflow...
2026-05-19 13:40:06.748 [info] Reading sessions from keychain...
2026-05-19 13:40:06.748 [info] Getting sessions for all scopes...
2026-05-19 13:40:07.289 [info] Got stored sessions!
2026-05-19 13:40:07.294 [info] Got 2 verified sessions.
2026-05-19 13:40:07.296 [info] Got 2 sessions for ...
2026-05-19 13:40:07.298 [info] Getting sessions for all scopes...
2026-05-19 13:40:07.298 [info] Got 2 sessions for ...
2026-05-19 13:40:07.298 [info] Getting sessions for all scopes...
2026-05-19 13:40:07.298 [info] Got 2 sessions for ...
2026-05-19 13:40:07.353 [info] Getting sessions for all scopes...
2026-05-19 13:40:07.353 [info] Got 2 sessions for ...
2026-05-19 13:40:07.552 [info] Getting sessions for all scopes...
2026-05-19 13:40:07.552 [info] Got 2 sessions for ...
2026-05-19 13:40:08.085 [info] Getting sessions for all scopes...
2026-05-19 13:40:08.085 [info] Got 2 sessions for ...
2026-05-19 13:40:09.088 [info] Getting sessions for all scopes...
2026-05-19 13:40:09.088 [info] Got 2 sessions for ...
2026-05-19 13:40:09.201 [info] Getting sessions for all scopes...
2026-05-19 13:40:09.202 [info] Got 2 sessions for ...
2026-05-19 13:40:09.211 [info] Getting sessions for all scopes...
2026-05-19 13:40:09.211 [info] Got 2 sessions for ...
2026-05-19 13:40:09.711 [info] FetcherService: Node fetch failed with status: 429 Too Many Requests
2026-05-19 13:40:09.717 [info] Unable to resolve optional EDU details. Status: 429 Too Many Requests
2026-05-19 13:40:32.474 [info] Reading sessions from keychain...
2026-05-19 13:40:32.474 [info] Getting sessions for all scopes...
2026-05-19 13:40:35.252 [info] Got stored sessions!
2026-05-19 13:40:35.252 [info] Got 2 verified sessions.
2026-05-19 13:40:35.252 [info] Got 2 sessions for ...
2026-05-19 13:40:35.252 [info] Getting sessions for all scopes...
2026-05-19 13:40:35.252 [info] Got 2 sessions for ...
2026-05-19 13:40:35.294 [info] Getting sessions for all scopes...
2026-05-19 13:40:35.295 [info] Got 2 sessions for ...
2026-05-19 13:40:36.633 [info] Getting sessions for all scopes...
2026-05-19 13:40:36.633 [info] Got 2 sessions for ...
2026-05-19 13:40:37.310 [info] Getting sessions for all scopes...
2026-05-19 13:40:37.310 [info] Got 2 sessions for ...
2026-05-19 13:40:39.231 [info] Getting sessions for all scopes...
2026-05-19 13:40:39.231 [info] Got 2 sessions for ...
2026-05-19 13:40:39.363 [info] Getting sessions for all scopes...
2026-05-19 13:40:39.363 [info] Got 2 sessions for ...
2026-05-19 13:40:39.724 [info] FetcherService: Node fetch failed with status: 429 Too Many Requests
2026-05-19 13:40:39.727 [info] Unable to resolve optional EDU details. Status: 429 Too Many Requests
2026-05-19 13:40:40.456 [info] Getting sessions for all scopes...
2026-05-19 13:40:40.456 [info] Got 2 sessions for ...
2026-05-19 13:40:40.729 [info] Getting sessions for all scopes...
2026-05-19 13:40:40.729 [info] Got 2 sessions for ...
2026-05-19 13:41:12.210 [info] Getting sessions for all scopes...
2026-05-19 13:41:12.211 [info] Got 2 sessions for ...
2026-05-19 13:41:12.212 [info] Getting sessions for all scopes...
2026-05-19 13:41:12.212 [info] Got 2 sessions for ...
