2026-05-20 01:27:52.040 [info] [main] Log level: Info
2026-05-20 01:27:52.040 [info] [main] Validating found git in: "git"
2026-05-20 01:27:52.040 [info] [main] Using git "2.53.0" from "git"
2026-05-20 01:27:52.040 [info] [Model][doInitialScan] Initial repository scan started
2026-05-20 01:27:52.040 [info] > git rev-parse --show-toplevel [38ms]
2026-05-20 01:27:52.040 [info] > git rev-parse --git-dir --git-common-dir --show-superproject-working-tree [14ms]
2026-05-20 01:27:52.400 [info] [Model][openRepository] Opened repository (path): /home/diorges/Work/DenLion09.dots
2026-05-20 01:27:52.400 [info] [Model][openRepository] Opened repository (real path): /home/diorges/Work/DenLion09.dots
2026-05-20 01:27:52.400 [info] [Model][openRepository] Opened repository (kind): repository
2026-05-20 01:27:52.425 [info] [Model][doInitialScan] Initial repository scan completed - repositories (1), closed repositories (0), parent repositories (0), unsafe repositories (0)
2026-05-20 01:27:52.437 [info] > git config --get --local core.virtualfilesystem [16ms]
2026-05-20 01:27:52.437 [warning] [Git][config] git config failed: Failed to execute git
2026-05-20 01:27:52.756 [info] > git config --get commit.template [321ms]
2026-05-20 01:27:53.289 [info] > git check-ignore -v -z --stdin [80ms]
2026-05-20 01:27:53.308 [info] > git for-each-ref --format=%(refname)%00%(upstream:short)%00%(objectname)%00%(upstream:track)%00%(upstream:remotename)%00%(upstream:remoteref) refs/heads/master refs/remotes/master [27ms]
2026-05-20 01:27:53.963 [info] > git status -z -uall [160ms]
2026-05-20 01:27:53.966 [info] > git for-each-ref --sort -committerdate --format %(refname)%00%(objectname)%00%(*objectname) [148ms]
2026-05-20 01:27:54.132 [info] > git for-each-ref --format=%(refname)%00%(upstream:short)%00%(objectname)%00%(upstream:track)%00%(upstream:remotename)%00%(upstream:remoteref) refs/heads/master refs/remotes/master [104ms]
2026-05-20 01:27:54.218 [info] > git check-ignore -v -z --stdin [96ms]
2026-05-20 01:27:54.234 [info] > git config --get --local branch.master.vscode-merge-base [67ms]
2026-05-20 01:27:54.234 [warning] [Git][config] git config failed: Failed to execute git
2026-05-20 01:27:54.243 [info] > git config --get commit.template [157ms]
2026-05-20 01:27:54.260 [info] > git reflog master --grep-reflog=branch: Created from *. [17ms]
2026-05-20 01:27:54.275 [info] > git for-each-ref --format=%(refname)%00%(upstream:short)%00%(objectname)%00%(upstream:track)%00%(upstream:remotename)%00%(upstream:remoteref) refs/heads/master refs/remotes/master [21ms]
2026-05-20 01:27:54.296 [info] > git symbolic-ref --short refs/remotes/origin/HEAD [27ms]
2026-05-20 01:27:54.296 [info] fatal: ref refs/remotes/origin/HEAD is not a symbolic ref
2026-05-20 01:27:54.296 [warning] [Repository][getDefaultBranch] Failed to get default branch details: Failed to execute git.
2026-05-20 01:27:54.429 [info] > git show --textconv :os_config.md [83ms]
2026-05-20 01:27:54.430 [info] > git status -z -uall [32ms]
2026-05-20 01:27:54.439 [info] > git merge-base refs/heads/master refs/remotes/origin/master [123ms]
2026-05-20 01:27:54.469 [info] > git for-each-ref --sort -committerdate --format %(refname)%00%(objectname)%00%(*objectname) [40ms]
2026-05-20 01:27:54.523 [info] > git ls-files --stage -- os_config.md [163ms]
2026-05-20 01:27:54.673 [info] > git cat-file -s 639873664429e7b291539aab206e1a87652b1860 [82ms]
2026-05-20 01:27:54.674 [info] > git merge-base refs/heads/master refs/remotes/origin/master [154ms]
2026-05-20 01:27:54.682 [info] > git diff --raw --numstat --diff-filter=ADMR -z --find-renames=50% 23c2ff3dd572320c25d497d58b26cb8090e0b2cd...refs/remotes/origin/master -- [224ms]
2026-05-20 01:27:54.737 [info] > git diff --raw --numstat --diff-filter=ADMR -z --find-renames=50% 23c2ff3dd572320c25d497d58b26cb8090e0b2cd...refs/remotes/origin/master -- [55ms]
2026-05-20 01:27:55.146 [info] > git blame --root --incremental 23c2ff3dd572320c25d497d58b26cb8090e0b2cd -- os_config.md [17ms]
2026-05-20 01:28:21.207 [info] > git check-ignore -v -z --stdin [5ms]
2026-05-20 01:28:22.749 [info] > git check-ignore -v -z --stdin [6ms]
2026-05-20 01:28:23.458 [info] > git check-ignore -v -z --stdin [5ms]
2026-05-20 01:28:24.124 [info] > git check-ignore -v -z --stdin [10ms]
2026-05-20 01:28:26.649 [info] > git check-ignore -v -z --stdin [48ms]
2026-05-20 01:28:28.715 [info] > git check-ignore -v -z --stdin [7ms]
2026-05-20 01:28:29.354 [info] > git check-ignore -v -z --stdin [61ms]
2026-05-20 01:28:29.760 [info] > git check-ignore -v -z --stdin [37ms]
2026-05-20 01:28:30.336 [info] > git check-ignore -v -z --stdin [36ms]
2026-05-20 01:28:30.999 [info] > git check-ignore -v -z --stdin [40ms]
2026-05-20 01:28:33.599 [info] > git check-ignore -v -z --stdin [24ms]
2026-05-20 01:28:34.708 [info] > git check-ignore -v -z --stdin [51ms]
2026-05-20 01:28:35.198 [info] > git check-ignore -v -z --stdin [37ms]
2026-05-20 01:28:35.648 [info] > git check-ignore -v -z --stdin [60ms]
2026-05-20 01:28:36.164 [info] > git check-ignore -v -z --stdin [24ms]
2026-05-20 01:28:37.433 [info] > git check-ignore -v -z --stdin [7ms]
2026-05-20 01:28:38.276 [info] > git config --get commit.template [18ms]
2026-05-20 01:28:38.283 [info] > git for-each-ref --format=%(refname)%00%(upstream:short)%00%(objectname)%00%(upstream:track)%00%(upstream:remotename)%00%(upstream:remoteref) refs/heads/master refs/remotes/master [9ms]
2026-05-20 01:28:38.325 [info] > git status -z -uall [25ms]
2026-05-20 01:28:38.329 [info] > git for-each-ref --sort -committerdate --format %(refname)%00%(objectname)%00%(*objectname) [8ms]
2026-05-20 01:28:38.667 [info] > git check-ignore -v -z --stdin [6ms]
2026-05-20 01:28:51.101 [info] > git check-ignore -v -z --stdin [67ms]
2026-05-20 01:28:52.768 [info] > git check-ignore -v -z --stdin [40ms]
2026-05-20 01:28:54.156 [info] > git check-ignore -v -z --stdin [32ms]
2026-05-20 01:28:54.692 [info] > git check-ignore -v -z --stdin [32ms]
2026-05-20 01:28:55.644 [info] > git check-ignore -v -z --stdin [38ms]
2026-05-20 01:28:56.651 [info] > git check-ignore -v -z --stdin [77ms]
2026-05-20 01:28:56.820 [info] > git check-ignore -v -z --stdin [26ms]
2026-05-20 01:28:57.148 [info] > git check-ignore -v -z --stdin [12ms]
2026-05-20 01:29:02.114 [info] > git check-ignore -v -z --stdin [47ms]
2026-05-20 01:29:03.006 [info] > git config --get commit.template [21ms]
2026-05-20 01:29:03.014 [info] > git for-each-ref --format=%(refname)%00%(upstream:short)%00%(objectname)%00%(upstream:track)%00%(upstream:remotename)%00%(upstream:remoteref) refs/heads/master refs/remotes/master [11ms]
2026-05-20 01:29:03.048 [info] > git status -z -uall [20ms]
2026-05-20 01:29:03.054 [info] > git for-each-ref --sort -committerdate --format %(refname)%00%(objectname)%00%(*objectname) [7ms]
2026-05-20 01:29:17.466 [info] > git check-ignore -v -z --stdin [30ms]
2026-05-20 01:29:20.002 [info] > git check-ignore -v -z --stdin [25ms]
2026-05-20 01:29:22.260 [info] > git check-ignore -v -z --stdin [30ms]
2026-05-20 01:29:23.714 [info] > git check-ignore -v -z --stdin [51ms]
2026-05-20 01:29:24.842 [info] > git check-ignore -v -z --stdin [58ms]
2026-05-20 01:29:25.702 [info] > git config --get commit.template [20ms]
2026-05-20 01:29:25.706 [info] > git for-each-ref --format=%(refname)%00%(upstream:short)%00%(objectname)%00%(upstream:track)%00%(upstream:remotename)%00%(upstream:remoteref) refs/heads/master refs/remotes/master [7ms]
2026-05-20 01:29:25.740 [info] > git status -z -uall [20ms]
2026-05-20 01:29:25.746 [info] > git for-each-ref --sort -committerdate --format %(refname)%00%(objectname)%00%(*objectname) [8ms]
2026-05-20 01:29:39.802 [info] > git check-ignore -v -z --stdin [22ms]
2026-05-20 01:29:43.912 [info] > git for-each-ref --format=%(refname)%00%(upstream:short)%00%(objectname)%00%(upstream:track)%00%(upstream:remotename)%00%(upstream:remoteref) refs/heads/master refs/remotes/master [27ms]
2026-05-20 01:29:43.917 [info] > git config --get commit.template [48ms]
2026-05-20 01:29:44.012 [info] > git status -z -uall [21ms]
2026-05-20 01:29:44.016 [info] > git for-each-ref --sort -committerdate --format %(refname)%00%(objectname)%00%(*objectname) [7ms]
2026-05-20 01:29:44.727 [info] > git check-ignore -v -z --stdin [3ms]
2026-05-20 01:29:45.646 [info] > git check-ignore -v -z --stdin [36ms]
2026-05-20 01:29:49.249 [info] > git check-ignore -v -z --stdin [7ms]
2026-05-20 01:29:51.079 [info] > git check-ignore -v -z --stdin [31ms]
2026-05-20 01:29:52.608 [info] > git check-ignore -v -z --stdin [12ms]
2026-05-20 01:29:53.106 [info] > git check-ignore -v -z --stdin [31ms]
2026-05-20 01:29:53.581 [info] > git check-ignore -v -z --stdin [29ms]
2026-05-20 01:29:54.094 [info] > git check-ignore -v -z --stdin [32ms]
2026-05-20 01:29:54.992 [info] > git check-ignore -v -z --stdin [29ms]
2026-05-20 01:29:56.195 [info] > git check-ignore -v -z --stdin [39ms]
2026-05-20 01:29:57.238 [info] > git check-ignore -v -z --stdin [22ms]
2026-05-20 01:29:57.672 [info] > git check-ignore -v -z --stdin [38ms]
2026-05-20 01:29:58.069 [info] > git check-ignore -v -z --stdin [10ms]
2026-05-20 01:29:58.394 [info] > git check-ignore -v -z --stdin [34ms]
2026-05-20 01:29:59.005 [info] > git check-ignore -v -z --stdin [10ms]
2026-05-20 01:29:59.381 [info] > git check-ignore -v -z --stdin [24ms]
2026-05-20 01:29:59.728 [info] > git check-ignore -v -z --stdin [6ms]
2026-05-20 01:30:00.296 [info] > git check-ignore -v -z --stdin [7ms]
2026-05-20 01:30:01.852 [info] > git check-ignore -v -z --stdin [31ms]
2026-05-20 01:30:02.446 [info] > git check-ignore -v -z --stdin [32ms]
2026-05-20 01:30:03.226 [info] > git check-ignore -v -z --stdin [31ms]
2026-05-20 01:30:03.538 [info] > git check-ignore -v -z --stdin [7ms]
2026-05-20 01:30:03.872 [info] > git check-ignore -v -z --stdin [25ms]
2026-05-20 01:30:04.383 [info] > git check-ignore -v -z --stdin [30ms]
2026-05-20 01:30:04.756 [info] > git check-ignore -v -z --stdin [8ms]
2026-05-20 01:30:05.942 [info] > git check-ignore -v -z --stdin [22ms]
2026-05-20 01:30:06.813 [info] > git config --get commit.template [28ms]
2026-05-20 01:30:06.820 [info] > git for-each-ref --format=%(refname)%00%(upstream:short)%00%(objectname)%00%(upstream:track)%00%(upstream:remotename)%00%(upstream:remoteref) refs/heads/master refs/remotes/master [9ms]
2026-05-20 01:30:06.859 [info] > git status -z -uall [19ms]
2026-05-20 01:30:06.859 [info] > git for-each-ref --sort -committerdate --format %(refname)%00%(objectname)%00%(*objectname) [3ms]
2026-05-20 01:31:51.387 [info] > git config --get commit.template [19ms]
2026-05-20 01:31:51.396 [info] > git for-each-ref --format=%(refname)%00%(upstream:short)%00%(objectname)%00%(upstream:track)%00%(upstream:remotename)%00%(upstream:remoteref) refs/heads/master refs/remotes/master [15ms]
2026-05-20 01:31:51.425 [info] > git status -z -uall [18ms]
2026-05-20 01:31:51.428 [info] > git for-each-ref --sort -committerdate --format %(refname)%00%(objectname)%00%(*objectname) [7ms]
2026-05-20 01:31:51.757 [info] > git check-ignore -v -z --stdin [5ms]
2026-05-20 01:31:59.925 [info] > git check-ignore -v -z --stdin [23ms]
2026-05-20 01:32:00.649 [info] > git config --get commit.template [38ms]
2026-05-20 01:32:00.657 [info] > git for-each-ref --format=%(refname)%00%(upstream:short)%00%(objectname)%00%(upstream:track)%00%(upstream:remotename)%00%(upstream:remoteref) refs/heads/master refs/remotes/master [19ms]
2026-05-20 01:32:00.716 [info] > git status -z -uall [21ms]
2026-05-20 01:32:00.716 [info] > git for-each-ref --sort -committerdate --format %(refname)%00%(objectname)%00%(*objectname) [2ms]
2026-05-20 01:32:01.078 [info] > git check-ignore -v -z --stdin [12ms]
2026-05-20 01:32:08.777 [info] > git check-ignore -v -z --stdin [15ms]
2026-05-20 01:32:14.875 [info] > git check-ignore -v -z --stdin [15ms]
2026-05-20 01:32:20.258 [info] > git config --get commit.template [9ms]
2026-05-20 01:32:20.302 [info] > git for-each-ref --format=%(refname)%00%(upstream:short)%00%(objectname)%00%(upstream:track)%00%(upstream:remotename)%00%(upstream:remoteref) refs/heads/master refs/remotes/master [23ms]
2026-05-20 01:32:20.341 [info] > git status -z -uall [23ms]
2026-05-20 01:32:20.341 [info] > git for-each-ref --sort -committerdate --format %(refname)%00%(objectname)%00%(*objectname) [1ms]
2026-05-20 01:32:20.675 [info] > git check-ignore -v -z --stdin [3ms]
2026-05-20 01:32:21.740 [info] > git check-ignore -v -z --stdin [9ms]
2026-05-20 01:32:25.408 [info] > git config --get commit.template [28ms]
2026-05-20 01:32:25.413 [info] > git for-each-ref --format=%(refname)%00%(upstream:short)%00%(objectname)%00%(upstream:track)%00%(upstream:remotename)%00%(upstream:remoteref) refs/heads/master refs/remotes/master [8ms]
2026-05-20 01:32:25.433 [info] > git status -z -uall [11ms]
2026-05-20 01:32:25.435 [info] > git for-each-ref --sort -committerdate --format %(refname)%00%(objectname)%00%(*objectname) [3ms]
2026-05-20 01:32:25.783 [info] > git check-ignore -v -z --stdin [4ms]
2026-05-20 01:33:57.547 [info] > git check-ignore -v -z --stdin [15ms]
2026-05-20 01:33:58.332 [info] > git config --get commit.template [39ms]
2026-05-20 01:33:58.332 [info] > git for-each-ref --format=%(refname)%00%(upstream:short)%00%(objectname)%00%(upstream:track)%00%(upstream:remotename)%00%(upstream:remoteref) refs/heads/master refs/remotes/master [18ms]
2026-05-20 01:33:58.360 [info] > git status -z -uall [16ms]
2026-05-20 01:33:58.364 [info] > git for-each-ref --sort -committerdate --format %(refname)%00%(objectname)%00%(*objectname) [5ms]
2026-05-20 01:33:58.698 [info] > git check-ignore -v -z --stdin [3ms]
2026-05-20 01:43:59.842 [info] > git check-ignore -v -z --stdin [47ms]
2026-05-20 01:44:20.666 [info] > git config --get commit.template [69ms]
2026-05-20 01:44:20.696 [info] > git for-each-ref --format=%(refname)%00%(upstream:short)%00%(objectname)%00%(upstream:track)%00%(upstream:remotename)%00%(upstream:remoteref) refs/heads/master refs/remotes/master [56ms]
2026-05-20 01:44:20.786 [info] > git status -z -uall [17ms]
2026-05-20 01:44:20.798 [info] > git for-each-ref --sort -committerdate --format %(refname)%00%(objectname)%00%(*objectname) [17ms]
2026-05-20 01:44:21.209 [info] > git check-ignore -v -z --stdin [7ms]
2026-05-20 01:45:03.756 [info] > git check-ignore -v -z --stdin [34ms]
2026-05-20 01:45:05.779 [info] > git check-ignore -v -z --stdin [22ms]
2026-05-20 01:45:06.334 [info] > git check-ignore -v -z --stdin [30ms]
2026-05-20 01:45:07.232 [info] > git check-ignore -v -z --stdin [9ms]
2026-05-20 01:45:08.393 [info] > git check-ignore -v -z --stdin [15ms]
2026-05-20 01:45:09.336 [info] > git config --get commit.template [38ms]
2026-05-20 01:45:09.339 [info] > git for-each-ref --format=%(refname)%00%(upstream:short)%00%(objectname)%00%(upstream:track)%00%(upstream:remotename)%00%(upstream:remoteref) refs/heads/master refs/remotes/master [16ms]
2026-05-20 01:45:09.363 [info] > git status -z -uall [13ms]
2026-05-20 01:45:09.367 [info] > git for-each-ref --sort -committerdate --format %(refname)%00%(objectname)%00%(*objectname) [5ms]
2026-05-20 01:45:09.717 [info] > git check-ignore -v -z --stdin [7ms]
2026-05-20 01:46:17.339 [info] > git check-ignore -v -z --stdin [34ms]
2026-05-20 01:46:35.358 [info] > git check-ignore -v -z --stdin [71ms]
2026-05-20 01:46:42.853 [info] > git check-ignore -v -z --stdin [19ms]
2026-05-20 01:49:37.050 [info] > git config --get commit.template [70ms]
2026-05-20 01:49:37.074 [info] > git for-each-ref --format=%(refname)%00%(upstream:short)%00%(objectname)%00%(upstream:track)%00%(upstream:remotename)%00%(upstream:remoteref) refs/heads/master refs/remotes/master [39ms]
2026-05-20 01:49:37.172 [info] > git status -z -uall [44ms]
2026-05-20 01:49:37.174 [info] > git for-each-ref --sort -committerdate --format %(refname)%00%(objectname)%00%(*objectname) [20ms]
2026-05-20 01:49:37.563 [info] > git check-ignore -v -z --stdin [18ms]
2026-05-20 01:50:28.950 [info] > git config --get commit.template [45ms]
2026-05-20 01:50:28.955 [info] > git for-each-ref --format=%(refname)%00%(upstream:short)%00%(objectname)%00%(upstream:track)%00%(upstream:remotename)%00%(upstream:remoteref) refs/heads/master refs/remotes/master [6ms]
2026-05-20 01:50:29.040 [info] > git status -z -uall [30ms]
2026-05-20 01:50:29.040 [info] > git for-each-ref --sort -committerdate --format %(refname)%00%(objectname)%00%(*objectname) [13ms]
2026-05-20 01:50:29.400 [info] > git check-ignore -v -z --stdin [10ms]
2026-05-20 01:51:14.065 [info] > git check-ignore -v -z --stdin [5ms]
2026-05-20 01:51:16.137 [info] > git check-ignore -v -z --stdin [19ms]
2026-05-20 01:51:16.241 [info] > git show --textconv :stack.md [72ms]
2026-05-20 01:51:16.254 [info] > git ls-files --stage -- stack.md [71ms]
2026-05-20 01:51:16.313 [info] > git cat-file -s 4782c3f95744ae8bea2fcbde2cadbd57e7e8b3dd [16ms]
2026-05-20 01:56:26.263 [info] > git check-ignore -v -z --stdin [14ms]
2026-05-20 01:56:36.851 [info] > git blame --root --incremental 23c2ff3dd572320c25d497d58b26cb8090e0b2cd -- stack.md [14ms]
2026-05-20 01:56:37.048 [info] > git config --get commit.template [23ms]
2026-05-20 01:56:37.053 [info] > git for-each-ref --format=%(refname)%00%(upstream:short)%00%(objectname)%00%(upstream:track)%00%(upstream:remotename)%00%(upstream:remoteref) refs/heads/master refs/remotes/master [9ms]
2026-05-20 01:56:37.174 [info] > git status -z -uall [50ms]
2026-05-20 01:56:37.207 [info] > git for-each-ref --sort -committerdate --format %(refname)%00%(objectname)%00%(*objectname) [38ms]
2026-05-20 01:56:37.633 [info] > git check-ignore -v -z --stdin [8ms]
2026-05-20 01:56:48.802 [info] > git check-ignore -v -z --stdin [8ms]
2026-05-20 01:56:49.456 [info] > git config --get commit.template [17ms]
2026-05-20 01:56:49.482 [info] > git for-each-ref --format=%(refname)%00%(upstream:short)%00%(objectname)%00%(upstream:track)%00%(upstream:remotename)%00%(upstream:remoteref) refs/heads/master refs/remotes/master [10ms]
2026-05-20 01:56:49.561 [info] > git status -z -uall [50ms]
2026-05-20 01:56:49.566 [info] > git for-each-ref --sort -committerdate --format %(refname)%00%(objectname)%00%(*objectname) [15ms]
2026-05-20 01:56:49.935 [info] > git check-ignore -v -z --stdin [7ms]
2026-05-20 01:56:53.635 [info] > git check-ignore -v -z --stdin [6ms]
2026-05-20 01:56:56.168 [info] > git check-ignore -v -z --stdin [95ms]
2026-05-20 01:56:56.888 [info] > git config --get commit.template [46ms]
2026-05-20 01:56:56.899 [info] > git for-each-ref --format=%(refname)%00%(upstream:short)%00%(objectname)%00%(upstream:track)%00%(upstream:remotename)%00%(upstream:remoteref) refs/heads/master refs/remotes/master [12ms]
2026-05-20 01:56:56.976 [info] > git status -z -uall [52ms]
2026-05-20 01:56:56.982 [info] > git for-each-ref --sort -committerdate --format %(refname)%00%(objectname)%00%(*objectname) [10ms]
2026-05-20 01:56:57.332 [info] > git check-ignore -v -z --stdin [8ms]
2026-05-20 01:56:58.445 [info] > git check-ignore -v -z --stdin [6ms]
2026-05-20 01:56:59.997 [info] > git check-ignore -v -z --stdin [6ms]
2026-05-20 01:57:02.031 [info] > git check-ignore -v -z --stdin [39ms]
2026-05-20 01:57:03.896 [info] > git for-each-ref --format=%(refname)%00%(upstream:short)%00%(objectname)%00%(upstream:track)%00%(upstream:remotename)%00%(upstream:remoteref) refs/heads/master refs/remotes/master [5ms]
2026-05-20 01:57:03.898 [info] > git config --get commit.template [27ms]
2026-05-20 01:57:03.964 [info] > git status -z -uall [22ms]
2026-05-20 01:57:03.976 [info] > git for-each-ref --sort -committerdate --format %(refname)%00%(objectname)%00%(*objectname) [13ms]
2026-05-20 01:57:04.319 [info] > git check-ignore -v -z --stdin [12ms]
2026-05-20 01:57:08.153 [info] > git check-ignore -v -z --stdin [7ms]
2026-05-20 01:57:17.130 [info] > git check-ignore -v -z --stdin [23ms]
2026-05-20 01:57:49.866 [info] > git config --get commit.template [3ms]
2026-05-20 01:57:49.928 [info] > git for-each-ref --format=%(refname)%00%(upstream:short)%00%(objectname)%00%(upstream:track)%00%(upstream:remotename)%00%(upstream:remoteref) refs/heads/master refs/remotes/master [10ms]
2026-05-20 01:57:49.969 [info] > git status -z -uall [21ms]
2026-05-20 01:57:49.973 [info] > git for-each-ref --sort -committerdate --format %(refname)%00%(objectname)%00%(*objectname) [8ms]
2026-05-20 01:57:50.385 [info] > git check-ignore -v -z --stdin [5ms]
2026-05-20 01:57:55.046 [info] > git config --get commit.template [22ms]
2026-05-20 01:57:55.050 [info] > git for-each-ref --format=%(refname)%00%(upstream:short)%00%(objectname)%00%(upstream:track)%00%(upstream:remotename)%00%(upstream:remoteref) refs/heads/master refs/remotes/master [10ms]
2026-05-20 01:57:55.085 [info] > git status -z -uall [20ms]
2026-05-20 01:57:55.090 [info] > git for-each-ref --sort -committerdate --format %(refname)%00%(objectname)%00%(*objectname) [7ms]
2026-05-20 01:57:55.427 [info] > git check-ignore -v -z --stdin [4ms]
