2026-05-19 14:51:56.747 [info] Reading sessions from keychain...
2026-05-19 14:51:56.747 [info] Getting sessions for all scopes...
2026-05-19 14:52:06.992 [info] Got stored sessions!
2026-05-19 14:52:06.992 [info] Got 2 verified sessions.
2026-05-19 14:52:06.993 [info] Got 2 sessions for ...
2026-05-19 14:52:06.994 [info] Getting sessions for all scopes...
2026-05-19 14:52:06.994 [info] Got 2 sessions for ...
2026-05-19 14:52:06.994 [info] Getting sessions for all scopes...
2026-05-19 14:52:06.994 [info] Got 2 sessions for ...
2026-05-19 14:52:06.995 [info] Getting sessions for all scopes...
2026-05-19 14:52:06.995 [info] Got 2 sessions for ...
2026-05-19 14:52:06.995 [info] Getting sessions for all scopes...
2026-05-19 14:52:06.995 [info] Got 2 sessions for ...
2026-05-19 14:52:06.998 [info] Getting sessions for all scopes...
2026-05-19 14:52:06.998 [info] Got 2 sessions for ...
2026-05-19 14:52:07.179 [info] Getting sessions for all scopes...
2026-05-19 14:52:07.179 [info] Got 2 sessions for ...
2026-05-19 14:52:07.894 [info] Getting sessions for all scopes...
2026-05-19 14:52:07.894 [info] Got 2 sessions for ...
2026-05-19 14:52:13.916 [info] FetcherService: Node fetch failed with status: 429 Too Many Requests
2026-05-19 14:52:13.930 [info] Unable to resolve optional EDU details. Status: 429 Too Many Requests
2026-05-19 14:52:22.720 [info] Getting sessions for all scopes...
2026-05-19 14:52:22.720 [info] Got 2 sessions for ...
2026-05-19 14:52:22.722 [info] Getting sessions for all scopes...
2026-05-19 14:52:22.722 [info] Got 2 sessions for ...
2026-05-19 14:52:46.792 [info] Getting sessions for all scopes...
2026-05-19 14:52:46.792 [info] Got 2 sessions for ...
2026-05-19 14:52:46.793 [info] Getting sessions for all scopes...
2026-05-19 14:52:46.793 [info] Got 2 sessions for ...
2026-05-19 14:54:32.591 [info] Getting sessions for all scopes...
2026-05-19 14:54:32.591 [info] Got 2 sessions for ...
2026-05-19 14:54:32.599 [info] Getting sessions for all scopes...
2026-05-19 14:54:32.599 [info] Got 2 sessions for ...
2026-05-19 14:54:47.238 [info] Getting sessions for all scopes...
2026-05-19 14:54:47.239 [info] Got 2 sessions for ...
2026-05-19 14:54:47.254 [info] Getting sessions for all scopes...
2026-05-19 14:54:47.254 [info] Got 2 sessions for ...
2026-05-19 14:57:00.288 [info] Getting sessions for all scopes...
2026-05-19 14:57:00.288 [info] Got 2 sessions for ...
2026-05-19 14:57:00.290 [info] Getting sessions for all scopes...
2026-05-19 14:57:00.290 [info] Got 2 sessions for ...
