2026-05-20 01:27:50.373 [info] Reading sessions from keychain...
2026-05-20 01:27:50.373 [info] Getting sessions for all scopes...
2026-05-20 01:27:50.859 [info] Got stored sessions!
2026-05-20 01:27:50.860 [info] Got 2 verified sessions.
2026-05-20 01:27:50.861 [info] Got 2 sessions for ...
2026-05-20 01:27:50.861 [info] Getting sessions for all scopes...
2026-05-20 01:27:50.861 [info] Got 2 sessions for ...
2026-05-20 01:27:51.555 [info] Getting sessions for all scopes...
2026-05-20 01:27:51.555 [info] Got 2 sessions for ...
2026-05-20 01:27:54.212 [info] FetcherService: Node fetch failed with status: 429 Too Many Requests
2026-05-20 01:27:54.216 [info] Unable to resolve optional EDU details. Status: 429 Too Many Requests
2026-05-20 01:27:54.318 [info] Getting sessions for read:user,repo,user:email,workflow...
2026-05-20 01:27:54.318 [info] Got 1 sessions for read:user,repo,user:email,workflow...
2026-05-20 01:27:54.687 [info] Getting sessions for all scopes...
2026-05-20 01:27:54.687 [info] Got 2 sessions for ...
2026-05-20 01:27:55.251 [info] Getting sessions for all scopes...
2026-05-20 01:27:55.251 [info] Got 2 sessions for ...
2026-05-20 01:27:56.104 [info] Getting sessions for all scopes...
2026-05-20 01:27:56.104 [info] Got 2 sessions for ...
2026-05-20 01:27:56.663 [info] Getting sessions for all scopes...
2026-05-20 01:27:56.663 [info] Got 2 sessions for ...
2026-05-20 01:27:56.883 [info] Getting sessions for all scopes...
2026-05-20 01:27:56.883 [info] Got 2 sessions for ...
2026-05-20 01:27:57.086 [info] Getting sessions for all scopes...
2026-05-20 01:27:57.086 [info] Got 2 sessions for ...
2026-05-20 01:30:45.005 [info] Getting sessions for all scopes...
2026-05-20 01:30:45.006 [info] Got 2 sessions for ...
2026-05-20 01:30:45.014 [info] Getting sessions for all scopes...
2026-05-20 01:30:45.014 [info] Got 2 sessions for ...
2026-05-20 01:31:51.422 [info] Getting sessions for all scopes...
2026-05-20 01:31:51.422 [info] Got 2 sessions for ...
2026-05-20 01:31:51.435 [info] Getting sessions for all scopes...
2026-05-20 01:31:51.435 [info] Got 2 sessions for ...
2026-05-20 01:32:20.299 [info] Getting sessions for all scopes...
2026-05-20 01:32:20.299 [info] Got 2 sessions for ...
2026-05-20 01:32:20.309 [info] Getting sessions for all scopes...
2026-05-20 01:32:20.309 [info] Got 2 sessions for ...
2026-05-20 01:32:34.322 [info] Getting sessions for all scopes...
2026-05-20 01:32:34.322 [info] Got 2 sessions for ...
2026-05-20 01:32:34.325 [info] Getting sessions for all scopes...
2026-05-20 01:32:34.325 [info] Got 2 sessions for ...
2026-05-20 01:33:57.722 [info] Getting sessions for all scopes...
2026-05-20 01:33:57.722 [info] Got 2 sessions for ...
2026-05-20 01:33:57.732 [info] Getting sessions for all scopes...
2026-05-20 01:33:57.732 [info] Got 2 sessions for ...
2026-05-20 01:36:47.619 [info] Getting sessions for all scopes...
2026-05-20 01:36:47.619 [info] Got 2 sessions for ...
2026-05-20 01:36:47.621 [info] Getting sessions for all scopes...
2026-05-20 01:36:47.621 [info] Got 2 sessions for ...
2026-05-20 01:37:10.290 [info] Getting sessions for all scopes...
2026-05-20 01:37:10.290 [info] Got 2 sessions for ...
2026-05-20 01:37:10.294 [info] Getting sessions for all scopes...
2026-05-20 01:37:10.294 [info] Got 2 sessions for ...
2026-05-20 01:40:47.613 [info] Getting sessions for all scopes...
2026-05-20 01:40:47.613 [info] Got 2 sessions for ...
2026-05-20 01:40:47.615 [info] Getting sessions for all scopes...
2026-05-20 01:40:47.615 [info] Got 2 sessions for ...
2026-05-20 01:41:20.902 [info] Getting sessions for all scopes...
2026-05-20 01:41:20.902 [info] Got 2 sessions for ...
2026-05-20 01:41:20.904 [info] Getting sessions for all scopes...
2026-05-20 01:41:20.904 [info] Got 2 sessions for ...
2026-05-20 01:43:31.752 [info] Getting sessions for all scopes...
2026-05-20 01:43:31.752 [info] Got 2 sessions for ...
2026-05-20 01:43:31.757 [info] Getting sessions for all scopes...
2026-05-20 01:43:31.758 [info] Got 2 sessions for ...
2026-05-20 01:43:53.490 [info] Getting sessions for all scopes...
2026-05-20 01:43:53.490 [info] Got 2 sessions for ...
2026-05-20 01:43:53.493 [info] Getting sessions for all scopes...
2026-05-20 01:43:53.493 [info] Got 2 sessions for ...
2026-05-20 01:44:20.686 [info] Getting sessions for all scopes...
2026-05-20 01:44:20.686 [info] Got 2 sessions for ...
2026-05-20 01:44:20.748 [info] Getting sessions for all scopes...
2026-05-20 01:44:20.748 [info] Got 2 sessions for ...
2026-05-20 01:44:42.194 [info] Getting sessions for all scopes...
2026-05-20 01:44:42.194 [info] Got 2 sessions for ...
2026-05-20 01:44:42.202 [info] Getting sessions for all scopes...
2026-05-20 01:44:42.203 [info] Got 2 sessions for ...
2026-05-20 01:49:37.047 [info] Getting sessions for all scopes...
2026-05-20 01:49:37.047 [info] Got 2 sessions for ...
2026-05-20 01:49:37.060 [info] Getting sessions for all scopes...
2026-05-20 01:49:37.060 [info] Got 2 sessions for ...
2026-05-20 01:50:29.045 [info] Getting sessions for all scopes...
2026-05-20 01:50:29.045 [info] Got 2 sessions for ...
2026-05-20 01:50:29.072 [info] Getting sessions for all scopes...
2026-05-20 01:50:29.072 [info] Got 2 sessions for ...
2026-05-20 01:51:13.532 [info] Getting sessions for all scopes...
2026-05-20 01:51:13.532 [info] Got 2 sessions for ...
2026-05-20 01:56:37.204 [info] Getting sessions for all scopes...
2026-05-20 01:56:37.204 [info] Got 2 sessions for ...
2026-05-20 01:56:37.242 [info] Getting sessions for all scopes...
2026-05-20 01:56:37.242 [info] Got 2 sessions for ...
2026-05-20 01:56:44.322 [info] Getting sessions for all scopes...
2026-05-20 01:56:44.322 [info] Got 2 sessions for ...
2026-05-20 01:56:44.328 [info] Getting sessions for all scopes...
2026-05-20 01:56:44.328 [info] Got 2 sessions for ...
2026-05-20 01:57:50.041 [info] Getting sessions for all scopes...
2026-05-20 01:57:50.041 [info] Got 2 sessions for ...
2026-05-20 01:57:50.134 [info] Getting sessions for all scopes...
2026-05-20 01:57:50.134 [info] Got 2 sessions for ...
2026-05-20 01:58:03.474 [info] Getting sessions for all scopes...
2026-05-20 01:58:03.474 [info] Got 2 sessions for ...
2026-05-20 01:58:03.500 [info] Getting sessions for all scopes...
2026-05-20 01:58:03.500 [info] Got 2 sessions for ...
