2026-05-19 19:32:39.384 [info] Reading sessions from keychain...
2026-05-19 19:32:39.384 [info] Getting sessions for all scopes...
2026-05-19 19:32:45.980 [info] Got stored sessions!
2026-05-19 19:32:45.980 [info] Got 2 verified sessions.
2026-05-19 19:32:45.981 [info] Got 2 sessions for ...
2026-05-19 19:32:45.985 [info] Getting sessions for all scopes...
2026-05-19 19:32:45.985 [info] Got 2 sessions for ...
2026-05-19 19:32:45.985 [info] Getting sessions for all scopes...
2026-05-19 19:32:45.985 [info] Got 2 sessions for ...
2026-05-19 19:32:45.985 [info] Getting sessions for all scopes...
2026-05-19 19:32:45.985 [info] Got 2 sessions for ...
2026-05-19 19:32:45.985 [info] Getting sessions for all scopes...
2026-05-19 19:32:45.985 [info] Got 2 sessions for ...
2026-05-19 19:32:45.985 [info] Getting sessions for all scopes...
2026-05-19 19:32:45.985 [info] Got 2 sessions for ...
2026-05-19 19:32:46.560 [info] Getting sessions for all scopes...
2026-05-19 19:32:46.560 [info] Got 2 sessions for ...
2026-05-19 19:32:46.628 [info] Getting sessions for all scopes...
2026-05-19 19:32:46.628 [info] Got 2 sessions for ...
2026-05-19 19:32:46.824 [info] Getting sessions for all scopes...
2026-05-19 19:32:46.825 [info] Got 2 sessions for ...
2026-05-19 19:32:57.193 [info] FetcherService: Node fetch failed with error: fetch failed
2026-05-19 19:33:07.337 [info] FetcherService: Node http/s failed with error: getaddrinfo EAI_AGAIN education.github.com
2026-05-19 19:33:07.350 [info] Unable to resolve optional EDU details. Error: TypeError: fetch failed
