2026-05-20 18:28:00.807 [info] Reading sessions from keychain...
2026-05-20 18:28:00.807 [info] Getting sessions for all scopes...
2026-05-20 18:28:25.685 [info] Got stored sessions!
2026-05-20 18:28:25.685 [info] Got 2 verified sessions.
2026-05-20 18:28:25.691 [info] Got 2 sessions for ...
2026-05-20 18:28:25.695 [info] Getting sessions for all scopes...
2026-05-20 18:28:25.696 [info] Got 2 sessions for ...
2026-05-20 18:28:25.696 [info] Getting sessions for all scopes...
2026-05-20 18:28:25.696 [info] Got 2 sessions for ...
2026-05-20 18:28:25.696 [info] Getting sessions for all scopes...
2026-05-20 18:28:25.696 [info] Got 2 sessions for ...
2026-05-20 18:28:25.701 [info] Getting sessions for all scopes...
2026-05-20 18:28:25.701 [info] Got 2 sessions for ...
2026-05-20 18:28:25.702 [info] Getting sessions for all scopes...
2026-05-20 18:28:25.702 [info] Got 2 sessions for ...
2026-05-20 18:28:25.702 [info] Getting sessions for all scopes...
2026-05-20 18:28:25.702 [info] Got 2 sessions for ...
2026-05-20 18:28:25.702 [info] Getting sessions for all scopes...
2026-05-20 18:28:25.702 [info] Got 2 sessions for ...
2026-05-20 18:28:25.927 [info] Getting sessions for all scopes...
2026-05-20 18:28:25.928 [info] Got 2 sessions for ...
2026-05-20 18:28:26.146 [info] Getting sessions for all scopes...
2026-05-20 18:28:26.146 [info] Got 2 sessions for ...
2026-05-20 18:28:27.910 [info] Getting sessions for all scopes...
2026-05-20 18:28:27.910 [info] Got 2 sessions for ...
2026-05-20 18:28:28.735 [info] FetcherService: Node fetch failed with status: 429 Too Many Requests
2026-05-20 18:28:28.740 [info] Unable to resolve optional EDU details. Status: 429 Too Many Requests
