2026-05-19 13:39:08.430 [info] Extension host with pid 10596 started
2026-05-19 13:39:08.430 [info] Skipping acquiring lock for /home/diorges/.config/Code/User/workspaceStorage/7038e336de04331af688769153a1fe1c.
2026-05-19 13:39:08.557 [info] ExtensionService#_doActivateExtension vscode.github-authentication, startup: false, activationEvent: 'onAuthenticationRequest:github'
2026-05-19 13:39:08.730 [info] ExtensionService#_doActivateExtension vscode.emmet, startup: false, activationEvent: 'onLanguage'
2026-05-19 13:39:09.056 [info] ExtensionService#_doActivateExtension vscode.git-base, startup: true, activationEvent: '*', root cause: vscode.git
2026-05-19 13:39:09.121 [info] ExtensionService#_doActivateExtension vscode.git, startup: true, activationEvent: '*'
2026-05-19 13:39:09.364 [info] ExtensionService#_doActivateExtension vscode.github, startup: true, activationEvent: '*'
2026-05-19 13:39:10.346 [info] Eager extensions activated
2026-05-19 13:39:10.506 [info] ExtensionService#_doActivateExtension vscode.debug-auto-launch, startup: false, activationEvent: 'onStartupFinished'
2026-05-19 13:39:10.537 [info] ExtensionService#_doActivateExtension vscode.merge-conflict, startup: false, activationEvent: 'onStartupFinished'
2026-05-19 13:39:10.645 [info] ExtensionService#_doActivateExtension dbaeumer.vscode-eslint, startup: false, activationEvent: 'onStartupFinished'
2026-05-19 13:39:10.861 [info] ExtensionService#_doActivateExtension esbenp.prettier-vscode, startup: false, activationEvent: 'onStartupFinished'
2026-05-19 13:39:10.881 [info] ExtensionService#_doActivateExtension PKief.material-icon-theme, startup: false, activationEvent: 'onStartupFinished'
2026-05-19 13:40:03.030 [info] Extension host terminating: received terminate message from renderer
2026-05-19 13:40:03.065 [info] Extension host with pid 10596 exiting with code 0
2026-05-19 13:40:06.365 [info] Extension host with pid 10800 started
2026-05-19 13:40:06.366 [info] Skipping acquiring lock for /home/diorges/.config/Code/User/workspaceStorage/8d9762e8df87fc3ede2ed40937cd31b7.
2026-05-19 13:40:06.502 [info] ExtensionService#_doActivateExtension vscode.github-authentication, startup: false, activationEvent: 'onAuthenticationRequest:github'
2026-05-19 13:40:06.564 [info] ExtensionService#_doActivateExtension vscode.emmet, startup: false, activationEvent: 'onLanguage'
2026-05-19 13:40:06.792 [info] ExtensionService#_doActivateExtension vscode.git-base, startup: true, activationEvent: '*', root cause: vscode.git
2026-05-19 13:40:06.801 [info] ExtensionService#_doActivateExtension yzhang.markdown-all-in-one, startup: true, activationEvent: 'workspaceContains:README.md'
2026-05-19 13:40:07.376 [info] ExtensionService#_doActivateExtension vscode.markdown-math, startup: false, activationEvent: 'api', root cause: yzhang.markdown-all-in-one
2026-05-19 13:40:07.557 [info] ExtensionService#_doActivateExtension vscode.git, startup: true, activationEvent: '*'
2026-05-19 13:40:07.683 [info] ExtensionService#_doActivateExtension vscode.github, startup: true, activationEvent: '*'
2026-05-19 13:40:08.082 [info] Eager extensions activated
2026-05-19 13:40:08.261 [info] ExtensionService#_doActivateExtension vscode.debug-auto-launch, startup: false, activationEvent: 'onStartupFinished'
2026-05-19 13:40:08.269 [info] ExtensionService#_doActivateExtension vscode.merge-conflict, startup: false, activationEvent: 'onStartupFinished'
2026-05-19 13:40:08.329 [info] ExtensionService#_doActivateExtension dbaeumer.vscode-eslint, startup: false, activationEvent: 'onStartupFinished'
2026-05-19 13:40:08.461 [info] ExtensionService#_doActivateExtension esbenp.prettier-vscode, startup: false, activationEvent: 'onStartupFinished'
2026-05-19 13:40:08.462 [info] ExtensionService#_doActivateExtension PKief.material-icon-theme, startup: false, activationEvent: 'onStartupFinished'
2026-05-19 13:40:26.429 [info] Extension host terminating: received terminate message from renderer
2026-05-19 13:40:26.484 [info] Extension host with pid 10800 exiting with code 0
2026-05-19 13:40:29.707 [info] Extension host with pid 10854 started
2026-05-19 13:40:29.707 [info] Skipping acquiring lock for /home/diorges/.config/Code/User/workspaceStorage/ce1b6291030a95a8e968c96abc840905.
2026-05-19 13:40:30.890 [info] ExtensionService#_doActivateExtension vscode.github-authentication, startup: false, activationEvent: 'onAuthenticationRequest:github'
2026-05-19 13:40:31.042 [info] ExtensionService#_doActivateExtension vscode.emmet, startup: false, activationEvent: 'onLanguage'
2026-05-19 13:40:31.085 [info] ExtensionService#_doActivateExtension vscode.typescript-language-features, startup: false, activationEvent: 'onLanguage:typescriptreact'
2026-05-19 13:40:33.232 [info] ExtensionService#_doActivateExtension vscode.git-base, startup: true, activationEvent: '*', root cause: vscode.git
2026-05-19 13:40:33.277 [info] ExtensionService#_doActivateExtension vscode.npm, startup: true, activationEvent: 'workspaceContains:package.json'
2026-05-19 13:40:33.668 [info] ExtensionService#_doActivateExtension yzhang.markdown-all-in-one, startup: true, activationEvent: 'workspaceContains:README.md'
2026-05-19 13:40:36.041 [info] ExtensionService#_doActivateExtension vscode.markdown-math, startup: false, activationEvent: 'api', root cause: yzhang.markdown-all-in-one
2026-05-19 13:40:36.135 [info] ExtensionService#_doActivateExtension vscode.terminal-suggest, startup: false, activationEvent: 'onTerminalShellIntegration:*'
2026-05-19 13:40:36.658 [info] ExtensionService#_doActivateExtension vscode.git, startup: true, activationEvent: '*'
2026-05-19 13:40:37.307 [info] ExtensionService#_doActivateExtension vscode.github, startup: true, activationEvent: '*'
2026-05-19 13:40:39.550 [info] Eager extensions activated
2026-05-19 13:40:39.759 [info] ExtensionService#_doActivateExtension vscode.debug-auto-launch, startup: false, activationEvent: 'onStartupFinished'
2026-05-19 13:40:39.774 [info] ExtensionService#_doActivateExtension vscode.merge-conflict, startup: false, activationEvent: 'onStartupFinished'
2026-05-19 13:40:39.845 [info] ExtensionService#_doActivateExtension dbaeumer.vscode-eslint, startup: false, activationEvent: 'onStartupFinished'
2026-05-19 13:40:39.943 [info] ExtensionService#_doActivateExtension esbenp.prettier-vscode, startup: false, activationEvent: 'onStartupFinished'
2026-05-19 13:40:39.951 [info] ExtensionService#_doActivateExtension PKief.material-icon-theme, startup: false, activationEvent: 'onStartupFinished'
2026-05-19 13:40:41.217 [warning] DiagnosticCollection with name 'eslint' does already exist.
2026-05-19 13:40:44.653 [info] ExtensionService#_doActivateExtension vscode.configuration-editing, startup: false, activationEvent: 'onLanguage:json'
2026-05-19 13:40:44.677 [info] ExtensionService#_doActivateExtension vscode.extension-editing, startup: false, activationEvent: 'onLanguage:json'
2026-05-19 13:40:44.746 [info] ExtensionService#_doActivateExtension vscode.json-language-features, startup: false, activationEvent: 'onLanguage:json'
2026-05-19 13:41:45.459 [info] Extension host terminating: received terminate message from renderer
2026-05-19 13:41:45.647 [info] Extension host with pid 10854 exiting with code 0
